<?xml version="1.0" encoding="UTF-8"?>
<robot generator="Robot 5.0.1 (Python 3.9.13 on win32)" generated="20230222 11:40:59.860" rpa="true" schemaversion="3">
<suite id="s1" name="Tasks" source="C:\Users\arnab\Desktop\ROBOCORP\my-certII-robot\tasks.robot">
<test id="s1-t1" name="Order robots from RobotSpareBin Industries Inc" line="30">
<kw name="Get Developer Details from vault">
<kw name="Log To Console" library="BuiltIn">
<arg>Getting Secret from our Vault</arg>
<doc>Logs the given message to the console.</doc>
<status status="PASS" starttime="20230222 11:41:05.470" endtime="20230222 11:41:05.477"/>
</kw>
<kw name="Get Secret" library="RPA.Robocloud.Secrets">
<var>${secret}</var>
<arg>Developer_Details</arg>
<doc>Read a secret from the configured source, e.g. Robocorp Vault,
and return it as a ``Secret`` object.</doc>
<msg timestamp="20230222 11:41:05.481" level="INFO">Protecting keyword: RPA.Robocloud.Secrets.Get Secret</msg>
<msg timestamp="20230222 11:41:08.076" level="INFO">Log level changed from NONE to INFO.</msg>
<status status="PASS" starttime="20230222 11:41:05.479" endtime="20230222 11:41:08.074"/>
</kw>
<kw name="Log" library="BuiltIn">
<arg>${secret}</arg>
<doc>Logs the given message with the given level.</doc>
<msg timestamp="20230222 11:41:08.081" level="INFO">Secret(name=Developer_Details, keys=[Name, Company, Designation])</msg>
<status status="PASS" starttime="20230222 11:41:08.078" endtime="20230222 11:41:08.087"/>
</kw>
<kw name="Log" library="BuiltIn">
<arg>${secret}</arg>
<arg>console=yes</arg>
<doc>Logs the given message with the given level.</doc>
<msg timestamp="20230222 11:41:08.092" level="INFO">Secret(name=Developer_Details, keys=[Name, Company, Designation])</msg>
<status status="PASS" starttime="20230222 11:41:08.089" endtime="20230222 11:41:08.095"/>
</kw>
<status status="PASS" starttime="20230222 11:41:05.465" endtime="20230222 11:41:08.100"/>
</kw>
<kw name="Open the robot order website">
<kw name="Open Available Browser" library="RPA.Browser.Selenium">
<arg>${url}</arg>
<doc>Attempts to open a browser on the user's device from a set of
supported browsers. Automatically downloads a corresponding webdriver
if none is already installed.</doc>
<msg timestamp="20230222 11:41:08.119" level="INFO">Creating an instance of the Chrome WebDriver.</msg>
<msg timestamp="20230222 11:41:08.138" level="INFO">====== WebDriver manager ======</msg>
<msg timestamp="20230222 11:41:11.332" level="INFO">Creating an instance of the Chrome WebDriver.</msg>
<msg timestamp="20230222 11:41:12.888" level="INFO">Created Chrome browser with arguments: --disable-dev-shm-usage --disable-web-security --allow-running-insecure-content --no-sandbox</msg>
<msg timestamp="20230222 11:41:12.892" level="INFO" html="true">&lt;p&gt;Attempted combinations:&lt;/p&gt;&lt;div class="doc"&gt;&lt;table&gt;&lt;tr&gt;&lt;th&gt;Browser&lt;/th&gt;&lt;th&gt;Download&lt;/th&gt;&lt;th&gt;Error&lt;/th&gt;&lt;/tr&gt;&lt;tr&gt;&lt;td&gt;Chrome&lt;/td&gt;&lt;td&gt;False&lt;/td&gt;&lt;td&gt;Message: 'chromedriver' executable needs to be in PATH. Please see https://chromedriver.chromium.org/home
&lt;/td&gt;&lt;/tr&gt;&lt;tr&gt;&lt;td&gt;Chrome&lt;/td&gt;&lt;td&gt;True&lt;/td&gt;&lt;td&gt;&lt;/td&gt;&lt;/tr&gt;&lt;/table&gt;&lt;/div&gt;</msg>
<msg timestamp="20230222 11:41:12.894" level="INFO">Opening url 'https://robotsparebinindustries.com/#/robot-order'</msg>
<status status="PASS" starttime="20230222 11:41:08.112" endtime="20230222 11:41:14.327"/>
</kw>
<status status="PASS" starttime="20230222 11:41:08.106" endtime="20230222 11:41:14.328"/>
</kw>
<kw name="Empty Directory" library="OperatingSystem">
<arg>C:\\Users\\arnab\\Desktop\\ROBOCORP\\my-certII-robot${/}pdf_files</arg>
<doc>Deletes all the content from the given directory.</doc>
<msg timestamp="20230222 11:41:14.334" level="INFO" html="true">Listing contents of directory '&lt;a href="file://C:\Users\arnab\Desktop\ROBOCORP\my-certII-robot\pdf_files"&gt;C:\Users\arnab\Desktop\ROBOCORP\my-certII-robot\pdf_files&lt;/a&gt;'.</msg>
<msg timestamp="20230222 11:41:14.349" level="INFO" html="true">Emptied directory '&lt;a href="file://C:\Users\arnab\Desktop\ROBOCORP\my-certII-robot\pdf_files"&gt;C:\Users\arnab\Desktop\ROBOCORP\my-certII-robot\pdf_files&lt;/a&gt;'.</msg>
<status status="PASS" starttime="20230222 11:41:14.330" endtime="20230222 11:41:14.350"/>
</kw>
<kw name="Empty Directory" library="OperatingSystem">
<arg>C:\\Users\\arnab\\Desktop\\ROBOCORP\\my-certII-robot${/}image_files</arg>
<doc>Deletes all the content from the given directory.</doc>
<msg timestamp="20230222 11:41:14.360" level="INFO" html="true">Listing contents of directory '&lt;a href="file://C:\Users\arnab\Desktop\ROBOCORP\my-certII-robot\image_files"&gt;C:\Users\arnab\Desktop\ROBOCORP\my-certII-robot\image_files&lt;/a&gt;'.</msg>
<msg timestamp="20230222 11:41:14.394" level="INFO" html="true">Emptied directory '&lt;a href="file://C:\Users\arnab\Desktop\ROBOCORP\my-certII-robot\image_files"&gt;C:\Users\arnab\Desktop\ROBOCORP\my-certII-robot\image_files&lt;/a&gt;'.</msg>
<status status="PASS" starttime="20230222 11:41:14.354" endtime="20230222 11:41:14.396"/>
</kw>
<kw name="Get orders">
<var>${orders}</var>
<kw name="Download" library="RPA.HTTP">
<arg>url=${csv_url}</arg>
<arg>target_file=${orders_file}</arg>
<arg>overwrite=True</arg>
<doc>An alias for the ``HTTP Get`` keyword.</doc>
<msg timestamp="20230222 11:41:14.412" level="INFO">Creating a new HTTP session</msg>
<msg timestamp="20230222 11:41:14.413" level="INFO">Creating Session using : alias=rpasession_alias.httpsrobotsparebinindustries.com, url=https://robotsparebinindustries.com, headers={},                     cookies={}, auth=None, timeout=None, proxies=None, verify=True,                     debug=0 </msg>
<status status="PASS" starttime="20230222 11:41:14.404" endtime="20230222 11:41:15.469"/>
</kw>
<kw name="Read table from CSV" library="RPA.Tables">
<var>${table}</var>
<arg>path=${orders_file}</arg>
<doc>Read a CSV file as a table.</doc>
<msg timestamp="20230222 11:41:15.492" level="INFO">${table} = Table(columns=['Order number', 'Head', 'Body', 'Legs', 'Address'], rows=20)</msg>
<status status="PASS" starttime="20230222 11:41:15.473" endtime="20230222 11:41:15.492"/>
</kw>
<msg timestamp="20230222 11:41:15.494" level="INFO">${orders} = Table(columns=['Order number', 'Head', 'Body', 'Legs', 'Address'], rows=20)</msg>
<status status="PASS" starttime="20230222 11:41:14.400" endtime="20230222 11:41:15.494"/>
</kw>
<for flavor="IN">
<var>${row}</var>
<value>@{orders}</value>
<iter>
<var name="${row}">{'Order number': '1', 'Head': '1', 'Body': '2', 'Legs': '3', 'Address': 'Address 123'}</var>
<kw name="Log" library="BuiltIn">
<arg>${row}</arg>
<doc>Logs the given message with the given level.</doc>
<msg timestamp="20230222 11:41:15.502" level="INFO">{'Order number': '1', 'Head': '1', 'Body': '2', 'Legs': '3', 'Address': 'Address 123'}</msg>
<status status="PASS" starttime="20230222 11:41:15.501" endtime="20230222 11:41:15.503"/>
</kw>
<kw name="Close the annoying modal">
<kw name="Wait And Click Button" library="RPA.Browser.Selenium">
<arg>xpath://html/body/div/div/div[2]/div/div/div/div/div/button[1]</arg>
<doc>Click button identified by ``locator``, once it becomes visible.</doc>
<msg timestamp="20230222 11:41:15.558" level="INFO">Clicking button 'xpath://html/body/div/div/div[2]/div/div/div/div/div/button[1]'.</msg>
<status status="PASS" starttime="20230222 11:41:15.507" endtime="20230222 11:41:15.669"/>
</kw>
<status status="PASS" starttime="20230222 11:41:15.504" endtime="20230222 11:41:15.671"/>
</kw>
<kw name="Fill the form">
<arg>${row}</arg>
<kw name="Wait Until Element Is Visible" library="RPA.Browser.Selenium">
<arg>//*[@id="head"]</arg>
<doc>Waits until the element ``locator`` is visible.</doc>
<status status="PASS" starttime="20230222 11:41:15.674" endtime="20230222 11:41:15.709"/>
</kw>
<kw name="Wait Until Element Is Enabled" library="RPA.Browser.Selenium">
<arg>//*[@id="head"]</arg>
<doc>Waits until the element ``locator`` is enabled.</doc>
<status status="PASS" starttime="20230222 11:41:15.711" endtime="20230222 11:41:15.753"/>
</kw>
<kw name="Select From List By Value" library="RPA.Browser.Selenium">
<arg>//*[@id="head"]</arg>
<arg>${orders_detail}[Head]</arg>
<doc>Selects options from selection list ``locator`` by ``values``.</doc>
<msg timestamp="20230222 11:41:15.758" level="INFO">Selecting options from selection list '//*[@id="head"]' by value 1.</msg>
<status status="PASS" starttime="20230222 11:41:15.755" endtime="20230222 11:41:15.906"/>
</kw>
<kw name="Wait Until Element Is Enabled" library="RPA.Browser.Selenium">
<arg>body</arg>
<doc>Waits until the element ``locator`` is enabled.</doc>
<status status="PASS" starttime="20230222 11:41:15.907" endtime="20230222 11:41:15.950"/>
</kw>
<kw name="Select Radio Button" library="RPA.Browser.Selenium">
<arg>body</arg>
<arg>${orders_detail}[Body]</arg>
<doc>Sets the radio button group ``group_name`` to ``value``.</doc>
<msg timestamp="20230222 11:41:15.953" level="INFO">Selecting '2' from radio button 'body'.</msg>
<status status="PASS" starttime="20230222 11:41:15.952" endtime="20230222 11:41:16.036"/>
</kw>
<kw name="Wait Until Element Is Enabled" library="RPA.Browser.Selenium">
<arg>xpath://html/body/div/div/div[1]/div/div[1]/form/div[3]/input</arg>
<doc>Waits until the element ``locator`` is enabled.</doc>
<status status="PASS" starttime="20230222 11:41:16.038" endtime="20230222 11:41:16.092"/>
</kw>
<kw name="Input Text" library="RPA.Browser.Selenium">
<arg>xpath://html/body/div/div/div[1]/div/div[1]/form/div[3]/input</arg>
<arg>${orders_detail}[Legs]</arg>
<doc>Types the given ``text`` into the text field identified by ``locator``.</doc>
<msg timestamp="20230222 11:41:16.096" level="INFO">Typing text '3' into text field 'xpath://html/body/div/div/div[1]/div/div[1]/form/div[3]/input'.</msg>
<status status="PASS" starttime="20230222 11:41:16.094" endtime="20230222 11:41:16.199"/>
</kw>
<kw name="Wait Until Element Is Enabled" library="RPA.Browser.Selenium">
<arg>//*[@id="address"]</arg>
<doc>Waits until the element ``locator`` is enabled.</doc>
<status status="PASS" starttime="20230222 11:41:16.202" endtime="20230222 11:41:16.252"/>
</kw>
<kw name="Input Text" library="RPA.Browser.Selenium">
<arg>//*[@id="address"]</arg>
<arg>${orders_detail}[Address]</arg>
<doc>Types the given ``text`` into the text field identified by ``locator``.</doc>
<msg timestamp="20230222 11:41:16.256" level="INFO">Typing text 'Address 123' into text field '//*[@id="address"]'.</msg>
<status status="PASS" starttime="20230222 11:41:16.254" endtime="20230222 11:41:16.417"/>
</kw>
<status status="PASS" starttime="20230222 11:41:15.672" endtime="20230222 11:41:16.420"/>
</kw>
<kw name="Wait Until Keyword Succeeds" library="BuiltIn">
<arg>10x</arg>
<arg>2s</arg>
<arg>Preview the robot</arg>
<doc>Runs the specified keyword and retries if it fails.</doc>
<kw name="Preview the robot">
<kw name="Click Button" library="RPA.Browser.Selenium">
<arg>//*[@id="preview"]</arg>
<doc>Clicks the button identified by ``locator``.</doc>
<msg timestamp="20230222 11:41:16.430" level="INFO">Clicking button '//*[@id="preview"]'.</msg>
<status status="PASS" starttime="20230222 11:41:16.427" endtime="20230222 11:41:16.576"/>
</kw>
<kw name="Wait Until Element Is Visible" library="RPA.Browser.Selenium">
<arg>//*[@id="robot-preview-image"]</arg>
<doc>Waits until the element ``locator`` is visible.</doc>
<status status="PASS" starttime="20230222 11:41:16.579" endtime="20230222 11:41:16.617"/>
</kw>
<status status="PASS" starttime="20230222 11:41:16.424" endtime="20230222 11:41:16.619"/>
</kw>
<status status="PASS" starttime="20230222 11:41:16.421" endtime="20230222 11:41:16.620"/>
</kw>
<kw name="Wait Until Keyword Succeeds" library="BuiltIn">
<arg>10x</arg>
<arg>2s</arg>
<arg>Submit The Order</arg>
<doc>Runs the specified keyword and retries if it fails.</doc>
<kw name="Submit the order">
<kw name="Mute Run On Failure" library="RPA.RobotLogListener">
<arg>Page Should Contain Element</arg>
<doc>Set keywords which should not execute `SeleniumLibrary`
default behaviour of running keyword on failure.</doc>
<kw name="Get Library Instance" library="BuiltIn">
<arg>RPA.Browser</arg>
<doc>Returns the currently active instance of the specified library.</doc>
<msg timestamp="20230222 11:41:16.634" level="FAIL">No library 'RPA.Browser' found.</msg>
<status status="FAIL" starttime="20230222 11:41:16.628" endtime="20230222 11:41:16.643"/>
</kw>
<kw name="Get Library Instance" library="BuiltIn">
<arg>RPA.Browser.Selenium</arg>
<doc>Returns the currently active instance of the specified library.</doc>
<status status="PASS" starttime="20230222 11:41:16.646" endtime="20230222 11:41:16.649"/>
</kw>
<status status="PASS" starttime="20230222 11:41:16.626" endtime="20230222 11:41:16.652"/>
</kw>
<kw name="Click Button" library="RPA.Browser.Selenium">
<arg>//*[@id="order"]</arg>
<doc>Clicks the button identified by ``locator``.</doc>
<msg timestamp="20230222 11:41:16.656" level="INFO">Clicking button '//*[@id="order"]'.</msg>
<status status="PASS" starttime="20230222 11:41:16.654" endtime="20230222 11:41:16.781"/>
</kw>
<kw name="Page Should Contain Element" library="RPA.Browser.Selenium">
<arg>//*[@id="receipt"]</arg>
<doc>Verifies that element ``locator`` is found on the current page.</doc>
<msg timestamp="20230222 11:41:16.788" level="INFO">No keyword will be run on failure.</msg>
<msg timestamp="20230222 11:41:16.854" level="FAIL">Page should have contained element '//*[@id="receipt"]' but did not.</msg>
<msg timestamp="20230222 11:41:16.861" level="INFO">Capture Page Screenshot will be run on failure.</msg>
<status status="FAIL" starttime="20230222 11:41:16.785" endtime="20230222 11:41:16.859"/>
</kw>
<status status="FAIL" starttime="20230222 11:41:16.623" endtime="20230222 11:41:16.867"/>
</kw>
<kw name="Submit the order">
<kw name="Mute Run On Failure" library="RPA.RobotLogListener">
<arg>Page Should Contain Element</arg>
<doc>Set keywords which should not execute `SeleniumLibrary`
default behaviour of running keyword on failure.</doc>
<kw name="Get Library Instance" library="BuiltIn">
<arg>RPA.Browser</arg>
<doc>Returns the currently active instance of the specified library.</doc>
<msg timestamp="20230222 11:41:18.885" level="FAIL">No library 'RPA.Browser' found.</msg>
<status status="FAIL" starttime="20230222 11:41:18.882" endtime="20230222 11:41:18.886"/>
</kw>
<kw name="Get Library Instance" library="BuiltIn">
<arg>RPA.Browser.Selenium</arg>
<doc>Returns the currently active instance of the specified library.</doc>
<status status="PASS" starttime="20230222 11:41:18.888" endtime="20230222 11:41:18.890"/>
</kw>
<status status="PASS" starttime="20230222 11:41:18.879" endtime="20230222 11:41:18.891"/>
</kw>
<kw name="Click Button" library="RPA.Browser.Selenium">
<arg>//*[@id="order"]</arg>
<doc>Clicks the button identified by ``locator``.</doc>
<msg timestamp="20230222 11:41:18.895" level="INFO">Clicking button '//*[@id="order"]'.</msg>
<status status="PASS" starttime="20230222 11:41:18.893" endtime="20230222 11:41:18.968"/>
</kw>
<kw name="Page Should Contain Element" library="RPA.Browser.Selenium">
<arg>//*[@id="receipt"]</arg>
<doc>Verifies that element ``locator`` is found on the current page.</doc>
<msg timestamp="20230222 11:41:18.972" level="INFO">No keyword will be run on failure.</msg>
<msg timestamp="20230222 11:41:18.973" level="INFO">No keyword will be run on failure.</msg>
<msg timestamp="20230222 11:41:18.984" level="INFO">Current page contains element '//*[@id="receipt"]'.</msg>
<status status="PASS" starttime="20230222 11:41:18.971" endtime="20230222 11:41:18.985"/>
</kw>
<status status="PASS" starttime="20230222 11:41:18.876" endtime="20230222 11:41:18.987"/>
</kw>
<status status="PASS" starttime="20230222 11:41:16.621" endtime="20230222 11:41:18.988"/>
</kw>
<kw name="Take a screenshot of the robot">
<var>${orderid}</var>
<var>${screenshot}</var>
<kw name="Wait Until Element Is Visible" library="RPA.Browser.Selenium">
<arg>//*[@id="robot-preview-image"]</arg>
<doc>Waits until the element ``locator`` is visible.</doc>
<status status="PASS" starttime="20230222 11:41:18.990" endtime="20230222 11:41:19.015"/>
</kw>
<kw name="Wait Until Element Is Visible" library="RPA.Browser.Selenium">
<arg>//*[@id="receipt"]</arg>
<doc>Waits until the element ``locator`` is visible.</doc>
<status status="PASS" starttime="20230222 11:41:19.018" endtime="20230222 11:41:19.043"/>
</kw>
<kw name="Get Text" library="RPA.Browser.Selenium">
<var>${orderid}</var>
<arg>//*[@id="receipt"]/p[1]</arg>
<doc>Returns the text value of the element identified by ``locator``.</doc>
<msg timestamp="20230222 11:41:19.074" level="INFO">${orderid} = RSB-ROBO-ORDER-O0S9N0QNQP</msg>
<status status="PASS" starttime="20230222 11:41:19.045" endtime="20230222 11:41:19.075"/>
</kw>
<kw name="Sleep" library="BuiltIn">
<arg>2sec</arg>
<doc>Pauses the test executed for the given time.</doc>
<msg timestamp="20230222 11:41:21.087" level="INFO">Slept 2 seconds</msg>
<status status="PASS" starttime="20230222 11:41:19.076" endtime="20230222 11:41:21.089"/>
</kw>
<kw name="Capture Element Screenshot" library="RPA.Browser.Selenium">
<arg>//*[@id="robot-preview-image"]</arg>
<arg>${image_files}${/}${orderid}.png</arg>
<doc>Captures a screenshot from the element identified by ``locator`` and embeds it into log file.</doc>
<msg timestamp="20230222 11:41:21.288" level="INFO" html="true">&lt;/td&gt;&lt;/tr&gt;&lt;tr&gt;&lt;td colspan="3"&gt;&lt;a href="image_files/RSB-ROBO-ORDER-O0S9N0QNQP.png"&gt;&lt;img src="image_files/RSB-ROBO-ORDER-O0S9N0QNQP.png" width="400px"&gt;&lt;/a&gt;</msg>
<status status="PASS" starttime="20230222 11:41:21.092" endtime="20230222 11:41:21.290"/>
</kw>
<kw name="Log" library="BuiltIn">
<arg>OrderID:${orderid}</arg>
<doc>Logs the given message with the given level.</doc>
<msg timestamp="20230222 11:41:21.296" level="INFO">OrderID:RSB-ROBO-ORDER-O0S9N0QNQP</msg>
<status status="PASS" starttime="20230222 11:41:21.292" endtime="20230222 11:41:21.297"/>
</kw>
<kw name="Log" library="BuiltIn">
<arg>Path:${image_files}${/}${orderid}.png</arg>
<doc>Logs the given message with the given level.</doc>
<msg timestamp="20230222 11:41:21.306" level="INFO">Path:C:\Users\arnab\Desktop\ROBOCORP\my-certII-robot\image_files\RSB-ROBO-ORDER-O0S9N0QNQP.png</msg>
<status status="PASS" starttime="20230222 11:41:21.301" endtime="20230222 11:41:21.307"/>
</kw>
<msg timestamp="20230222 11:41:21.312" level="INFO">${orderid} = RSB-ROBO-ORDER-O0S9N0QNQP</msg>
<msg timestamp="20230222 11:41:21.313" level="INFO">${screenshot} = C:\Users\arnab\Desktop\ROBOCORP\my-certII-robot\image_files\RSB-ROBO-ORDER-O0S9N0QNQP.png</msg>
<status status="PASS" starttime="20230222 11:41:18.988" endtime="20230222 11:41:21.314"/>
</kw>
<kw name="Store the receipt as a PDF file">
<var>${pdf}</var>
<arg>${orderid}</arg>
<kw name="Get Element Attribute" library="RPA.Browser.Selenium">
<var>${receipt_html}</var>
<arg>//*[@id="receipt"]</arg>
<arg>outerHTML</arg>
<doc>Returns the value of ``attribute`` from the element ``locator``.</doc>
<msg timestamp="20230222 11:41:21.372" level="INFO">${receipt_html} = &lt;div id="receipt" class="alert alert-success" role="alert"&gt;&lt;h3&gt;Receipt&lt;/h3&gt;&lt;div&gt;2023-02-22T06:11:18.955Z&lt;/div&gt;&lt;p class="badge badge-success"&gt;RSB-ROBO-ORDER-O0S9N0QNQP&lt;/p&gt;&lt;p&gt;Address 123&lt;/p&gt;&lt;div id="par...</msg>
<status status="PASS" starttime="20230222 11:41:21.321" endtime="20230222 11:41:21.372"/>
</kw>
<kw name="Html To Pdf" library="RPA.PDF">
<arg>${receipt_html}</arg>
<arg>${pdf_files}${/}${orderid}.pdf</arg>
<doc>Generate a PDF file from HTML content.</doc>
<msg timestamp="20230222 11:41:21.378" level="INFO">Writing output to file C:\Users\arnab\Desktop\ROBOCORP\my-certII-robot\pdf_files\RSB-ROBO-ORDER-O0S9N0QNQP.pdf</msg>
<msg timestamp="20230222 11:41:21.764" level="INFO">maxp pruned</msg>
<msg timestamp="20230222 11:41:21.766" level="INFO">cmap pruned</msg>
<msg timestamp="20230222 11:41:21.778" level="INFO">post pruned</msg>
<msg timestamp="20230222 11:41:21.785" level="INFO">GDEF dropped</msg>
<msg timestamp="20230222 11:41:21.786" level="INFO">GPOS dropped</msg>
<msg timestamp="20230222 11:41:21.787" level="INFO">GSUB dropped</msg>
<msg timestamp="20230222 11:41:21.796" level="INFO">name pruned</msg>
<msg timestamp="20230222 11:41:21.808" level="INFO">glyf pruned</msg>
<msg timestamp="20230222 11:41:21.809" level="INFO">Added gid0 to subset</msg>
<msg timestamp="20230222 11:41:21.809" level="INFO">Added first four glyphs to subset</msg>
<msg timestamp="20230222 11:41:21.810" level="INFO">Closing glyph list over 'glyf': 58 glyphs before</msg>
<msg timestamp="20230222 11:41:21.812" level="INFO">Glyph names: ['.notdef', '.null', 'uni0020', 'uni0021', 'uni002D', 'uni002E', 'uni0030', 'uni0031', 'uni0032', 'uni0033', 'uni0034', 'uni0035', 'uni0036', 'uni0037', 'uni0038', 'uni0039', 'uni003A', 'uni0041', 'uni0042', 'uni0044', 'uni0045', 'uni0048', 'uni004C', 'uni004E', 'uni004F', 'uni0050', 'uni0051', 'uni0052', 'uni0053', 'uni0054', 'uni0057', 'uni0059', 'uni005A', 'uni0061', 'uni0062', 'uni0063', 'uni0064', 'uni0065', 'uni0066', 'uni0067', 'uni0068', 'uni0069', 'uni006B', 'uni006C', 'uni006D', 'uni006E', 'uni006F', 'uni0070', 'uni0072', 'uni0073', 'uni0074', 'uni0075', 'uni0076', 'uni0077', 'uni0079', 'uni007B', 'uni007D', 'uni00C4']</msg>
<msg timestamp="20230222 11:41:21.816" level="INFO">Glyph IDs:   [0, 1, 2, 3, 65, 84, 95, 161, 280, 299, 320, 374, 381, 382, 395, 409, 456, 469, 493, 504, 575, 582, 594, 612, 645, 650, 660, 679, 715, 723, 752, 759, 775, 827, 837, 867, 884, 899, 932, 936, 950, 1294, 1295, 1296, 1298, 1299, 1300, 1302, 1303, 1304, 1305, 1329, 1345, 1346, 1361, 1404, 1407, 1681]</msg>
<msg timestamp="20230222 11:41:21.818" level="INFO">Closed glyph list over 'glyf': 58 glyphs after</msg>
<msg timestamp="20230222 11:41:21.819" level="INFO">Glyph names: ['.notdef', '.null', 'uni0020', 'uni0021', 'uni002D', 'uni002E', 'uni0030', 'uni0031', 'uni0032', 'uni0033', 'uni0034', 'uni0035', 'uni0036', 'uni0037', 'uni0038', 'uni0039', 'uni003A', 'uni0041', 'uni0042', 'uni0044', 'uni0045', 'uni0048', 'uni004C', 'uni004E', 'uni004F', 'uni0050', 'uni0051', 'uni0052', 'uni0053', 'uni0054', 'uni0057', 'uni0059', 'uni005A', 'uni0061', 'uni0062', 'uni0063', 'uni0064', 'uni0065', 'uni0066', 'uni0067', 'uni0068', 'uni0069', 'uni006B', 'uni006C', 'uni006D', 'uni006E', 'uni006F', 'uni0070', 'uni0072', 'uni0073', 'uni0074', 'uni0075', 'uni0076', 'uni0077', 'uni0079', 'uni007B', 'uni007D', 'uni00C4']</msg>
<msg timestamp="20230222 11:41:21.822" level="INFO">Glyph IDs:   [0, 1, 2, 3, 65, 84, 95, 161, 280, 299, 320, 374, 381, 382, 395, 409, 456, 469, 493, 504, 575, 582, 594, 612, 645, 650, 660, 679, 715, 723, 752, 759, 775, 827, 837, 867, 884, 899, 932, 936, 950, 1294, 1295, 1296, 1298, 1299, 1300, 1302, 1303, 1304, 1305, 1329, 1345, 1346, 1361, 1404, 1407, 1681]</msg>
<msg timestamp="20230222 11:41:21.823" level="INFO">Retaining 58 glyphs</msg>
<msg timestamp="20230222 11:41:21.826" level="INFO">head subsetting not needed</msg>
<msg timestamp="20230222 11:41:21.827" level="INFO">hhea subsetting not needed</msg>
<msg timestamp="20230222 11:41:21.829" level="INFO">maxp subsetting not needed</msg>
<msg timestamp="20230222 11:41:21.829" level="INFO">OS/2 subsetting not needed</msg>
<msg timestamp="20230222 11:41:21.836" level="INFO">hmtx subsetted</msg>
<msg timestamp="20230222 11:41:21.840" level="INFO">cmap subsetted</msg>
<msg timestamp="20230222 11:41:21.841" level="INFO">prep subsetting not needed</msg>
<msg timestamp="20230222 11:41:21.842" level="INFO">loca subsetting not needed</msg>
<msg timestamp="20230222 11:41:21.843" level="INFO">post subsetted</msg>
<msg timestamp="20230222 11:41:21.844" level="INFO">gasp subsetting not needed</msg>
<msg timestamp="20230222 11:41:21.844" level="INFO">STAT subsetting not needed</msg>
<msg timestamp="20230222 11:41:21.845" level="INFO">name subsetting not needed</msg>
<msg timestamp="20230222 11:41:21.847" level="INFO">glyf subsetted</msg>
<msg timestamp="20230222 11:41:21.849" level="INFO">head pruned</msg>
<msg timestamp="20230222 11:41:21.853" level="INFO">OS/2 Unicode ranges pruned: [0]</msg>
<msg timestamp="20230222 11:41:21.856" level="INFO">glyf pruned</msg>
<msg timestamp="20230222 11:41:22.001" level="INFO">maxp pruned</msg>
<msg timestamp="20230222 11:41:22.003" level="INFO">cmap pruned</msg>
<msg timestamp="20230222 11:41:22.006" level="INFO">post pruned</msg>
<msg timestamp="20230222 11:41:22.007" level="INFO">GDEF dropped</msg>
<msg timestamp="20230222 11:41:22.007" level="INFO">GPOS dropped</msg>
<msg timestamp="20230222 11:41:22.009" level="INFO">GSUB dropped</msg>
<msg timestamp="20230222 11:41:22.013" level="INFO">name pruned</msg>
<msg timestamp="20230222 11:41:22.040" level="INFO">glyf pruned</msg>
<msg timestamp="20230222 11:41:22.042" level="INFO">Added gid0 to subset</msg>
<msg timestamp="20230222 11:41:22.043" level="INFO">Added first four glyphs to subset</msg>
<msg timestamp="20230222 11:41:22.044" level="INFO">Closing glyph list over 'glyf': 19 glyphs before</msg>
<msg timestamp="20230222 11:41:22.044" level="INFO">Glyph names: ['.notdef', '.null', 'uni0020', 'uni0030', 'uni0031', 'uni0032', 'uni0033', 'uni0034', 'uni0035', 'uni0036', 'uni0037', 'uni0038', 'uni0039', 'uni0041', 'uni0062', 'uni006E', 'uni007B', 'uni007D', 'uni00C4']</msg>
<msg timestamp="20230222 11:41:22.046" level="INFO">Glyph IDs:   [0, 1, 2, 3, 575, 759, 1294, 1295, 1296, 1298, 1299, 1300, 1302, 1303, 1304, 1305, 1345, 1346, 1681]</msg>
<msg timestamp="20230222 11:41:22.046" level="INFO">Closed glyph list over 'glyf': 19 glyphs after</msg>
<msg timestamp="20230222 11:41:22.047" level="INFO">Glyph names: ['.notdef', '.null', 'uni0020', 'uni0030', 'uni0031', 'uni0032', 'uni0033', 'uni0034', 'uni0035', 'uni0036', 'uni0037', 'uni0038', 'uni0039', 'uni0041', 'uni0062', 'uni006E', 'uni007B', 'uni007D', 'uni00C4']</msg>
<msg timestamp="20230222 11:41:22.048" level="INFO">Glyph IDs:   [0, 1, 2, 3, 575, 759, 1294, 1295, 1296, 1298, 1299, 1300, 1302, 1303, 1304, 1305, 1345, 1346, 1681]</msg>
<msg timestamp="20230222 11:41:22.049" level="INFO">Retaining 19 glyphs</msg>
<msg timestamp="20230222 11:41:22.050" level="INFO">head subsetting not needed</msg>
<msg timestamp="20230222 11:41:22.051" level="INFO">hhea subsetting not needed</msg>
<msg timestamp="20230222 11:41:22.051" level="INFO">maxp subsetting not needed</msg>
<msg timestamp="20230222 11:41:22.052" level="INFO">OS/2 subsetting not needed</msg>
<msg timestamp="20230222 11:41:22.054" level="INFO">hmtx subsetted</msg>
<msg timestamp="20230222 11:41:22.056" level="INFO">cmap subsetted</msg>
<msg timestamp="20230222 11:41:22.057" level="INFO">prep subsetting not needed</msg>
<msg timestamp="20230222 11:41:22.057" level="INFO">loca subsetting not needed</msg>
<msg timestamp="20230222 11:41:22.058" level="INFO">post subsetted</msg>
<msg timestamp="20230222 11:41:22.058" level="INFO">gasp subsetting not needed</msg>
<msg timestamp="20230222 11:41:22.059" level="INFO">STAT subsetting not needed</msg>
<msg timestamp="20230222 11:41:22.059" level="INFO">name subsetting not needed</msg>
<msg timestamp="20230222 11:41:22.060" level="INFO">glyf subsetted</msg>
<msg timestamp="20230222 11:41:22.062" level="INFO">head pruned</msg>
<msg timestamp="20230222 11:41:22.062" level="INFO">OS/2 Unicode ranges pruned: [0]</msg>
<msg timestamp="20230222 11:41:22.066" level="INFO">glyf pruned</msg>
<msg timestamp="20230222 11:41:22.157" level="INFO">maxp pruned</msg>
<msg timestamp="20230222 11:41:22.159" level="INFO">cmap pruned</msg>
<msg timestamp="20230222 11:41:22.161" level="INFO">post pruned</msg>
<msg timestamp="20230222 11:41:22.162" level="INFO">GDEF dropped</msg>
<msg timestamp="20230222 11:41:22.163" level="INFO">GPOS dropped</msg>
<msg timestamp="20230222 11:41:22.164" level="INFO">GSUB dropped</msg>
<msg timestamp="20230222 11:41:22.166" level="INFO">name pruned</msg>
<msg timestamp="20230222 11:41:22.189" level="INFO">glyf pruned</msg>
<msg timestamp="20230222 11:41:22.203" level="INFO">Added gid0 to subset</msg>
<msg timestamp="20230222 11:41:22.204" level="INFO">Added first four glyphs to subset</msg>
<msg timestamp="20230222 11:41:22.205" level="INFO">Closing glyph list over 'glyf': 18 glyphs before</msg>
<msg timestamp="20230222 11:41:22.206" level="INFO">Glyph names: ['.notdef', '.null', 'uni0020', 'uni0030', 'uni0031', 'uni0032', 'uni0033', 'uni0034', 'uni0035', 'uni0036', 'uni0037', 'uni0038', 'uni0039', 'uni0062', 'uni006E', 'uni007B', 'uni007D', 'uni00A0']</msg>
<msg timestamp="20230222 11:41:22.210" level="INFO">Glyph IDs:   [0, 1, 2, 3, 544, 727, 1256, 1257, 1258, 1260, 1261, 1262, 1264, 1265, 1266, 1267, 1307, 1308]</msg>
<msg timestamp="20230222 11:41:22.211" level="INFO">Closed glyph list over 'glyf': 18 glyphs after</msg>
<msg timestamp="20230222 11:41:22.212" level="INFO">Glyph names: ['.notdef', '.null', 'uni0020', 'uni0030', 'uni0031', 'uni0032', 'uni0033', 'uni0034', 'uni0035', 'uni0036', 'uni0037', 'uni0038', 'uni0039', 'uni0062', 'uni006E', 'uni007B', 'uni007D', 'uni00A0']</msg>
<msg timestamp="20230222 11:41:22.214" level="INFO">Glyph IDs:   [0, 1, 2, 3, 544, 727, 1256, 1257, 1258, 1260, 1261, 1262, 1264, 1265, 1266, 1267, 1307, 1308]</msg>
<msg timestamp="20230222 11:41:22.216" level="INFO">Retaining 18 glyphs</msg>
<msg timestamp="20230222 11:41:22.218" level="INFO">head subsetting not needed</msg>
<msg timestamp="20230222 11:41:22.219" level="INFO">hhea subsetting not needed</msg>
<msg timestamp="20230222 11:41:22.220" level="INFO">maxp subsetting not needed</msg>
<msg timestamp="20230222 11:41:22.221" level="INFO">OS/2 subsetting not needed</msg>
<msg timestamp="20230222 11:41:22.228" level="INFO">hmtx subsetted</msg>
<msg timestamp="20230222 11:41:22.232" level="INFO">cmap subsetted</msg>
<msg timestamp="20230222 11:41:22.233" level="INFO">loca subsetting not needed</msg>
<msg timestamp="20230222 11:41:22.234" level="INFO">post subsetted</msg>
<msg timestamp="20230222 11:41:22.235" level="INFO">name subsetting not needed</msg>
<msg timestamp="20230222 11:41:22.238" level="INFO">glyf subsetted</msg>
<msg timestamp="20230222 11:41:22.241" level="INFO">head pruned</msg>
<msg timestamp="20230222 11:41:22.244" level="INFO">OS/2 Unicode ranges pruned: [0]</msg>
<msg timestamp="20230222 11:41:22.247" level="INFO">glyf pruned</msg>
<msg timestamp="20230222 11:41:22.353" level="INFO">maxp pruned</msg>
<msg timestamp="20230222 11:41:22.354" level="INFO">cmap pruned</msg>
<msg timestamp="20230222 11:41:22.356" level="INFO">post pruned</msg>
<msg timestamp="20230222 11:41:22.357" level="INFO">GDEF dropped</msg>
<msg timestamp="20230222 11:41:22.357" level="INFO">GPOS dropped</msg>
<msg timestamp="20230222 11:41:22.358" level="INFO">GSUB dropped</msg>
<msg timestamp="20230222 11:41:22.361" level="INFO">name pruned</msg>
<msg timestamp="20230222 11:41:22.380" level="INFO">glyf pruned</msg>
<msg timestamp="20230222 11:41:22.387" level="INFO">Added gid0 to subset</msg>
<msg timestamp="20230222 11:41:22.387" level="INFO">Added first four glyphs to subset</msg>
<msg timestamp="20230222 11:41:22.388" level="INFO">Closing glyph list over 'glyf': 18 glyphs before</msg>
<msg timestamp="20230222 11:41:22.388" level="INFO">Glyph names: ['.notdef', '.null', 'uni0020', 'uni0030', 'uni0031', 'uni0032', 'uni0033', 'uni0034', 'uni0035', 'uni0036', 'uni0037', 'uni0038', 'uni0039', 'uni0062', 'uni006E', 'uni007B', 'uni007D', 'uni00A0']</msg>
<msg timestamp="20230222 11:41:22.389" level="INFO">Glyph IDs:   [0, 1, 2, 3, 544, 727, 1256, 1257, 1258, 1260, 1261, 1262, 1264, 1265, 1266, 1267, 1307, 1308]</msg>
<msg timestamp="20230222 11:41:22.389" level="INFO">Closed glyph list over 'glyf': 18 glyphs after</msg>
<msg timestamp="20230222 11:41:22.390" level="INFO">Glyph names: ['.notdef', '.null', 'uni0020', 'uni0030', 'uni0031', 'uni0032', 'uni0033', 'uni0034', 'uni0035', 'uni0036', 'uni0037', 'uni0038', 'uni0039', 'uni0062', 'uni006E', 'uni007B', 'uni007D', 'uni00A0']</msg>
<msg timestamp="20230222 11:41:22.391" level="INFO">Glyph IDs:   [0, 1, 2, 3, 544, 727, 1256, 1257, 1258, 1260, 1261, 1262, 1264, 1265, 1266, 1267, 1307, 1308]</msg>
<msg timestamp="20230222 11:41:22.391" level="INFO">Retaining 18 glyphs</msg>
<msg timestamp="20230222 11:41:22.392" level="INFO">head subsetting not needed</msg>
<msg timestamp="20230222 11:41:22.392" level="INFO">hhea subsetting not needed</msg>
<msg timestamp="20230222 11:41:22.393" level="INFO">maxp subsetting not needed</msg>
<msg timestamp="20230222 11:41:22.393" level="INFO">OS/2 subsetting not needed</msg>
<msg timestamp="20230222 11:41:22.396" level="INFO">hmtx subsetted</msg>
<msg timestamp="20230222 11:41:22.397" level="INFO">cmap subsetted</msg>
<msg timestamp="20230222 11:41:22.397" level="INFO">loca subsetting not needed</msg>
<msg timestamp="20230222 11:41:22.399" level="INFO">post subsetted</msg>
<msg timestamp="20230222 11:41:22.400" level="INFO">name subsetting not needed</msg>
<msg timestamp="20230222 11:41:22.403" level="INFO">glyf subsetted</msg>
<msg timestamp="20230222 11:41:22.405" level="INFO">head pruned</msg>
<msg timestamp="20230222 11:41:22.407" level="INFO">OS/2 Unicode ranges pruned: [0]</msg>
<msg timestamp="20230222 11:41:22.411" level="INFO">glyf pruned</msg>
<status status="PASS" starttime="20230222 11:41:21.374" endtime="20230222 11:41:22.492"/>
</kw>
<kw name="Open Pdf" library="RPA.PDF">
<arg>${pdf_files}${/}${orderid}.pdf</arg>
<doc>Open a PDF document for reading.</doc>
<status status="PASS" starttime="20230222 11:41:22.496" endtime="20230222 11:41:22.530"/>
</kw>
<kw name="Create List" library="BuiltIn">
<var>${file_List}</var>
<arg>${image_files}${/}${orderid}.png:x=10,y=10</arg>
<doc>Returns a list containing given items.</doc>
<msg timestamp="20230222 11:41:22.534" level="INFO">${file_List} = ['C:\\Users\\arnab\\Desktop\\ROBOCORP\\my-certII-robot\\image_files\\RSB-ROBO-ORDER-O0S9N0QNQP.png:x=10,y=10']</msg>
<status status="PASS" starttime="20230222 11:41:22.531" endtime="20230222 11:41:22.535"/>
</kw>
<kw name="Add Files To Pdf" library="RPA.PDF">
<arg>${file_List}</arg>
<arg>${pdf_files}${/}${orderid}.pdf</arg>
<arg>${True}</arg>
<doc>Add images and/or pdfs to new PDF document</doc>
<msg timestamp="20230222 11:41:22.544" level="INFO">Adding page: 0</msg>
<msg timestamp="20230222 11:41:22.551" level="WARN">Object 7 0 found</msg>
<msg timestamp="20230222 11:41:22.555" level="WARN">Overwriting cache for 0 7</msg>
<msg timestamp="20230222 11:41:22.563" level="WARN">Object 14 0 found</msg>
<msg timestamp="20230222 11:41:22.567" level="WARN">Overwriting cache for 0 14</msg>
<msg timestamp="20230222 11:41:22.583" level="WARN">Object 21 0 found</msg>
<msg timestamp="20230222 11:41:22.589" level="WARN">Overwriting cache for 0 21</msg>
<msg timestamp="20230222 11:41:22.604" level="WARN">Object 28 0 found</msg>
<msg timestamp="20230222 11:41:22.610" level="WARN">Overwriting cache for 0 28</msg>
<msg timestamp="20230222 11:41:22.632" level="INFO">File C:\Users\arnab\Desktop\ROBOCORP\my-certII-robot\image_files\RSB-ROBO-ORDER-O0S9N0QNQP.png type: png</msg>
<msg timestamp="20230222 11:41:22.635" level="INFO">Image parameters: {'x': '10', 'y': '10'}</msg>
<status status="PASS" starttime="20230222 11:41:22.536" endtime="20230222 11:41:24.253"/>
</kw>
<kw name="Close Pdf" library="RPA.PDF">
<arg>${pdf_files}${/}${orderid}.pdf</arg>
<doc>Close PDF file descriptor for a certain file.</doc>
<msg timestamp="20230222 11:41:24.259" level="INFO">Closing PDF document: C:\Users\arnab\Desktop\ROBOCORP\my-certII-robot\pdf_files\RSB-ROBO-ORDER-O0S9N0QNQP.pdf</msg>
<status status="PASS" starttime="20230222 11:41:24.256" endtime="20230222 11:41:24.260"/>
</kw>
<msg timestamp="20230222 11:41:24.262" level="INFO">${pdf} = None</msg>
<status status="PASS" starttime="20230222 11:41:21.316" endtime="20230222 11:41:24.263"/>
</kw>
<kw name="Go to order another robot">
<kw name="Wait Until Element Is Enabled" library="RPA.Browser.Selenium">
<arg>//*[@id="order-another"]</arg>
<doc>Waits until the element ``locator`` is enabled.</doc>
<status status="PASS" starttime="20230222 11:41:24.271" endtime="20230222 11:41:24.345"/>
</kw>
<kw name="Click Button" library="RPA.Browser.Selenium">
<arg>//*[@id="order-another"]</arg>
<doc>Clicks the button identified by ``locator``.</doc>
<msg timestamp="20230222 11:41:24.348" level="INFO">Clicking button '//*[@id="order-another"]'.</msg>
<status status="PASS" starttime="20230222 11:41:24.346" endtime="20230222 11:41:24.607"/>
</kw>
<status status="PASS" starttime="20230222 11:41:24.266" endtime="20230222 11:41:24.610"/>
</kw>
<status status="PASS" starttime="20230222 11:41:15.500" endtime="20230222 11:41:24.611"/>
</iter>
<iter>
<var name="${row}">{'Order number': '2', 'Head': '4', 'Body': '1', 'Legs': '5', 'Address': 'Address 456'}</var>
<kw name="Log" library="BuiltIn">
<arg>${row}</arg>
<doc>Logs the given message with the given level.</doc>
<msg timestamp="20230222 11:41:24.619" level="INFO">{'Order number': '2', 'Head': '4', 'Body': '1', 'Legs': '5', 'Address': 'Address 456'}</msg>
<status status="PASS" starttime="20230222 11:41:24.617" endtime="20230222 11:41:24.620"/>
</kw>
<kw name="Close the annoying modal">
<kw name="Wait And Click Button" library="RPA.Browser.Selenium">
<arg>xpath://html/body/div/div/div[2]/div/div/div/div/div/button[1]</arg>
<doc>Click button identified by ``locator``, once it becomes visible.</doc>
<msg timestamp="20230222 11:41:24.658" level="INFO">Clicking button 'xpath://html/body/div/div/div[2]/div/div/div/div/div/button[1]'.</msg>
<status status="PASS" starttime="20230222 11:41:24.623" endtime="20230222 11:41:24.776"/>
</kw>
<status status="PASS" starttime="20230222 11:41:24.621" endtime="20230222 11:41:24.779"/>
</kw>
<kw name="Fill the form">
<arg>${row}</arg>
<kw name="Wait Until Element Is Visible" library="RPA.Browser.Selenium">
<arg>//*[@id="head"]</arg>
<doc>Waits until the element ``locator`` is visible.</doc>
<status status="PASS" starttime="20230222 11:41:24.787" endtime="20230222 11:41:24.824"/>
</kw>
<kw name="Wait Until Element Is Enabled" library="RPA.Browser.Selenium">
<arg>//*[@id="head"]</arg>
<doc>Waits until the element ``locator`` is enabled.</doc>
<status status="PASS" starttime="20230222 11:41:24.825" endtime="20230222 11:41:24.874"/>
</kw>
<kw name="Select From List By Value" library="RPA.Browser.Selenium">
<arg>//*[@id="head"]</arg>
<arg>${orders_detail}[Head]</arg>
<doc>Selects options from selection list ``locator`` by ``values``.</doc>
<msg timestamp="20230222 11:41:24.878" level="INFO">Selecting options from selection list '//*[@id="head"]' by value 4.</msg>
<status status="PASS" starttime="20230222 11:41:24.876" endtime="20230222 11:41:24.982"/>
</kw>
<kw name="Wait Until Element Is Enabled" library="RPA.Browser.Selenium">
<arg>body</arg>
<doc>Waits until the element ``locator`` is enabled.</doc>
<status status="PASS" starttime="20230222 11:41:24.984" endtime="20230222 11:41:25.033"/>
</kw>
<kw name="Select Radio Button" library="RPA.Browser.Selenium">
<arg>body</arg>
<arg>${orders_detail}[Body]</arg>
<doc>Sets the radio button group ``group_name`` to ``value``.</doc>
<msg timestamp="20230222 11:41:25.037" level="INFO">Selecting '1' from radio button 'body'.</msg>
<status status="PASS" starttime="20230222 11:41:25.035" endtime="20230222 11:41:25.135"/>
</kw>
<kw name="Wait Until Element Is Enabled" library="RPA.Browser.Selenium">
<arg>xpath://html/body/div/div/div[1]/div/div[1]/form/div[3]/input</arg>
<doc>Waits until the element ``locator`` is enabled.</doc>
<status status="PASS" starttime="20230222 11:41:25.137" endtime="20230222 11:41:25.187"/>
</kw>
<kw name="Input Text" library="RPA.Browser.Selenium">
<arg>xpath://html/body/div/div/div[1]/div/div[1]/form/div[3]/input</arg>
<arg>${orders_detail}[Legs]</arg>
<doc>Types the given ``text`` into the text field identified by ``locator``.</doc>
<msg timestamp="20230222 11:41:25.191" level="INFO">Typing text '5' into text field 'xpath://html/body/div/div/div[1]/div/div[1]/form/div[3]/input'.</msg>
<status status="PASS" starttime="20230222 11:41:25.189" endtime="20230222 11:41:25.321"/>
</kw>
<kw name="Wait Until Element Is Enabled" library="RPA.Browser.Selenium">
<arg>//*[@id="address"]</arg>
<doc>Waits until the element ``locator`` is enabled.</doc>
<status status="PASS" starttime="20230222 11:41:25.323" endtime="20230222 11:41:25.366"/>
</kw>
<kw name="Input Text" library="RPA.Browser.Selenium">
<arg>//*[@id="address"]</arg>
<arg>${orders_detail}[Address]</arg>
<doc>Types the given ``text`` into the text field identified by ``locator``.</doc>
<msg timestamp="20230222 11:41:25.370" level="INFO">Typing text 'Address 456' into text field '//*[@id="address"]'.</msg>
<status status="PASS" starttime="20230222 11:41:25.368" endtime="20230222 11:41:25.494"/>
</kw>
<status status="PASS" starttime="20230222 11:41:24.782" endtime="20230222 11:41:25.495"/>
</kw>
<kw name="Wait Until Keyword Succeeds" library="BuiltIn">
<arg>10x</arg>
<arg>2s</arg>
<arg>Preview the robot</arg>
<doc>Runs the specified keyword and retries if it fails.</doc>
<kw name="Preview the robot">
<kw name="Click Button" library="RPA.Browser.Selenium">
<arg>//*[@id="preview"]</arg>
<doc>Clicks the button identified by ``locator``.</doc>
<msg timestamp="20230222 11:41:25.506" level="INFO">Clicking button '//*[@id="preview"]'.</msg>
<status status="PASS" starttime="20230222 11:41:25.502" endtime="20230222 11:41:25.603"/>
</kw>
<kw name="Wait Until Element Is Visible" library="RPA.Browser.Selenium">
<arg>//*[@id="robot-preview-image"]</arg>
<doc>Waits until the element ``locator`` is visible.</doc>
<status status="PASS" starttime="20230222 11:41:25.605" endtime="20230222 11:41:25.642"/>
</kw>
<status status="PASS" starttime="20230222 11:41:25.498" endtime="20230222 11:41:25.644"/>
</kw>
<status status="PASS" starttime="20230222 11:41:25.496" endtime="20230222 11:41:25.645"/>
</kw>
<kw name="Wait Until Keyword Succeeds" library="BuiltIn">
<arg>10x</arg>
<arg>2s</arg>
<arg>Submit The Order</arg>
<doc>Runs the specified keyword and retries if it fails.</doc>
<kw name="Submit the order">
<kw name="Mute Run On Failure" library="RPA.RobotLogListener">
<arg>Page Should Contain Element</arg>
<doc>Set keywords which should not execute `SeleniumLibrary`
default behaviour of running keyword on failure.</doc>
<kw name="Get Library Instance" library="BuiltIn">
<arg>RPA.Browser</arg>
<doc>Returns the currently active instance of the specified library.</doc>
<msg timestamp="20230222 11:41:25.658" level="FAIL">No library 'RPA.Browser' found.</msg>
<status status="FAIL" starttime="20230222 11:41:25.655" endtime="20230222 11:41:25.660"/>
</kw>
<kw name="Get Library Instance" library="BuiltIn">
<arg>RPA.Browser.Selenium</arg>
<doc>Returns the currently active instance of the specified library.</doc>
<status status="PASS" starttime="20230222 11:41:25.662" endtime="20230222 11:41:25.664"/>
</kw>
<status status="PASS" starttime="20230222 11:41:25.653" endtime="20230222 11:41:25.665"/>
</kw>
<kw name="Click Button" library="RPA.Browser.Selenium">
<arg>//*[@id="order"]</arg>
<doc>Clicks the button identified by ``locator``.</doc>
<msg timestamp="20230222 11:41:25.669" level="INFO">Clicking button '//*[@id="order"]'.</msg>
<status status="PASS" starttime="20230222 11:41:25.667" endtime="20230222 11:41:25.776"/>
</kw>
<kw name="Page Should Contain Element" library="RPA.Browser.Selenium">
<arg>//*[@id="receipt"]</arg>
<doc>Verifies that element ``locator`` is found on the current page.</doc>
<msg timestamp="20230222 11:41:25.778" level="INFO">No keyword will be run on failure.</msg>
<msg timestamp="20230222 11:41:25.778" level="INFO">No keyword will be run on failure.</msg>
<msg timestamp="20230222 11:41:25.778" level="INFO">No keyword will be run on failure.</msg>
<msg timestamp="20230222 11:41:25.803" level="FAIL">Page should have contained element '//*[@id="receipt"]' but did not.</msg>
<status status="FAIL" starttime="20230222 11:41:25.777" endtime="20230222 11:41:25.805"/>
</kw>
<status status="FAIL" starttime="20230222 11:41:25.650" endtime="20230222 11:41:25.811"/>
</kw>
<kw name="Submit the order">
<kw name="Mute Run On Failure" library="RPA.RobotLogListener">
<arg>Page Should Contain Element</arg>
<doc>Set keywords which should not execute `SeleniumLibrary`
default behaviour of running keyword on failure.</doc>
<kw name="Get Library Instance" library="BuiltIn">
<arg>RPA.Browser</arg>
<doc>Returns the currently active instance of the specified library.</doc>
<msg timestamp="20230222 11:41:27.833" level="FAIL">No library 'RPA.Browser' found.</msg>
<status status="FAIL" starttime="20230222 11:41:27.830" endtime="20230222 11:41:27.834"/>
</kw>
<kw name="Get Library Instance" library="BuiltIn">
<arg>RPA.Browser.Selenium</arg>
<doc>Returns the currently active instance of the specified library.</doc>
<status status="PASS" starttime="20230222 11:41:27.836" endtime="20230222 11:41:27.838"/>
</kw>
<status status="PASS" starttime="20230222 11:41:27.828" endtime="20230222 11:41:27.840"/>
</kw>
<kw name="Click Button" library="RPA.Browser.Selenium">
<arg>//*[@id="order"]</arg>
<doc>Clicks the button identified by ``locator``.</doc>
<msg timestamp="20230222 11:41:27.845" level="INFO">Clicking button '//*[@id="order"]'.</msg>
<status status="PASS" starttime="20230222 11:41:27.841" endtime="20230222 11:41:27.926"/>
</kw>
<kw name="Page Should Contain Element" library="RPA.Browser.Selenium">
<arg>//*[@id="receipt"]</arg>
<doc>Verifies that element ``locator`` is found on the current page.</doc>
<msg timestamp="20230222 11:41:27.932" level="INFO">No keyword will be run on failure.</msg>
<msg timestamp="20230222 11:41:27.933" level="INFO">No keyword will be run on failure.</msg>
<msg timestamp="20230222 11:41:27.934" level="INFO">No keyword will be run on failure.</msg>
<msg timestamp="20230222 11:41:27.936" level="INFO">No keyword will be run on failure.</msg>
<msg timestamp="20230222 11:41:27.957" level="INFO">Current page contains element '//*[@id="receipt"]'.</msg>
<status status="PASS" starttime="20230222 11:41:27.929" endtime="20230222 11:41:27.958"/>
</kw>
<status status="PASS" starttime="20230222 11:41:27.825" endtime="20230222 11:41:27.960"/>
</kw>
<status status="PASS" starttime="20230222 11:41:25.647" endtime="20230222 11:41:27.961"/>
</kw>
<kw name="Take a screenshot of the robot">
<var>${orderid}</var>
<var>${screenshot}</var>
<kw name="Wait Until Element Is Visible" library="RPA.Browser.Selenium">
<arg>//*[@id="robot-preview-image"]</arg>
<doc>Waits until the element ``locator`` is visible.</doc>
<status status="PASS" starttime="20230222 11:41:27.966" endtime="20230222 11:41:28.006"/>
</kw>
<kw name="Wait Until Element Is Visible" library="RPA.Browser.Selenium">
<arg>//*[@id="receipt"]</arg>
<doc>Waits until the element ``locator`` is visible.</doc>
<status status="PASS" starttime="20230222 11:41:28.009" endtime="20230222 11:41:28.051"/>
</kw>
<kw name="Get Text" library="RPA.Browser.Selenium">
<var>${orderid}</var>
<arg>//*[@id="receipt"]/p[1]</arg>
<doc>Returns the text value of the element identified by ``locator``.</doc>
<msg timestamp="20230222 11:41:28.098" level="INFO">${orderid} = RSB-ROBO-ORDER-GFGF4XAOPC</msg>
<status status="PASS" starttime="20230222 11:41:28.053" endtime="20230222 11:41:28.099"/>
</kw>
<kw name="Sleep" library="BuiltIn">
<arg>2sec</arg>
<doc>Pauses the test executed for the given time.</doc>
<msg timestamp="20230222 11:41:30.114" level="INFO">Slept 2 seconds</msg>
<status status="PASS" starttime="20230222 11:41:28.101" endtime="20230222 11:41:30.119"/>
</kw>
<kw name="Capture Element Screenshot" library="RPA.Browser.Selenium">
<arg>//*[@id="robot-preview-image"]</arg>
<arg>${image_files}${/}${orderid}.png</arg>
<doc>Captures a screenshot from the element identified by ``locator`` and embeds it into log file.</doc>
<msg timestamp="20230222 11:41:30.339" level="INFO" html="true">&lt;/td&gt;&lt;/tr&gt;&lt;tr&gt;&lt;td colspan="3"&gt;&lt;a href="image_files/RSB-ROBO-ORDER-GFGF4XAOPC.png"&gt;&lt;img src="image_files/RSB-ROBO-ORDER-GFGF4XAOPC.png" width="400px"&gt;&lt;/a&gt;</msg>
<status status="PASS" starttime="20230222 11:41:30.121" endtime="20230222 11:41:30.340"/>
</kw>
<kw name="Log" library="BuiltIn">
<arg>OrderID:${orderid}</arg>
<doc>Logs the given message with the given level.</doc>
<msg timestamp="20230222 11:41:30.346" level="INFO">OrderID:RSB-ROBO-ORDER-GFGF4XAOPC</msg>
<status status="PASS" starttime="20230222 11:41:30.343" endtime="20230222 11:41:30.347"/>
</kw>
<kw name="Log" library="BuiltIn">
<arg>Path:${image_files}${/}${orderid}.png</arg>
<doc>Logs the given message with the given level.</doc>
<msg timestamp="20230222 11:41:30.355" level="INFO">Path:C:\Users\arnab\Desktop\ROBOCORP\my-certII-robot\image_files\RSB-ROBO-ORDER-GFGF4XAOPC.png</msg>
<status status="PASS" starttime="20230222 11:41:30.350" endtime="20230222 11:41:30.356"/>
</kw>
<msg timestamp="20230222 11:41:30.360" level="INFO">${orderid} = RSB-ROBO-ORDER-GFGF4XAOPC</msg>
<msg timestamp="20230222 11:41:30.361" level="INFO">${screenshot} = C:\Users\arnab\Desktop\ROBOCORP\my-certII-robot\image_files\RSB-ROBO-ORDER-GFGF4XAOPC.png</msg>
<status status="PASS" starttime="20230222 11:41:27.963" endtime="20230222 11:41:30.361"/>
</kw>
<kw name="Store the receipt as a PDF file">
<var>${pdf}</var>
<arg>${orderid}</arg>
<kw name="Get Element Attribute" library="RPA.Browser.Selenium">
<var>${receipt_html}</var>
<arg>//*[@id="receipt"]</arg>
<arg>outerHTML</arg>
<doc>Returns the value of ``attribute`` from the element ``locator``.</doc>
<msg timestamp="20230222 11:41:30.418" level="INFO">${receipt_html} = &lt;div id="receipt" class="alert alert-success" role="alert"&gt;&lt;h3&gt;Receipt&lt;/h3&gt;&lt;div&gt;2023-02-22T06:11:27.915Z&lt;/div&gt;&lt;p class="badge badge-success"&gt;RSB-ROBO-ORDER-GFGF4XAOPC&lt;/p&gt;&lt;p&gt;Address 456&lt;/p&gt;&lt;div id="par...</msg>
<status status="PASS" starttime="20230222 11:41:30.369" endtime="20230222 11:41:30.419"/>
</kw>
<kw name="Html To Pdf" library="RPA.PDF">
<arg>${receipt_html}</arg>
<arg>${pdf_files}${/}${orderid}.pdf</arg>
<doc>Generate a PDF file from HTML content.</doc>
<msg timestamp="20230222 11:41:30.428" level="INFO">Writing output to file C:\Users\arnab\Desktop\ROBOCORP\my-certII-robot\pdf_files\RSB-ROBO-ORDER-GFGF4XAOPC.pdf</msg>
<msg timestamp="20230222 11:41:30.936" level="INFO">maxp pruned</msg>
<msg timestamp="20230222 11:41:30.938" level="INFO">cmap pruned</msg>
<msg timestamp="20230222 11:41:30.939" level="INFO">post pruned</msg>
<msg timestamp="20230222 11:41:30.940" level="INFO">GDEF dropped</msg>
<msg timestamp="20230222 11:41:30.941" level="INFO">GPOS dropped</msg>
<msg timestamp="20230222 11:41:30.941" level="INFO">GSUB dropped</msg>
<msg timestamp="20230222 11:41:30.944" level="INFO">name pruned</msg>
<msg timestamp="20230222 11:41:30.961" level="INFO">glyf pruned</msg>
<msg timestamp="20230222 11:41:30.962" level="INFO">Added gid0 to subset</msg>
<msg timestamp="20230222 11:41:30.963" level="INFO">Added first four glyphs to subset</msg>
<msg timestamp="20230222 11:41:30.963" level="INFO">Closing glyph list over 'glyf': 60 glyphs before</msg>
<msg timestamp="20230222 11:41:30.964" level="INFO">Glyph names: ['.notdef', '.null', 'uni0020', 'uni0021', 'uni002D', 'uni002E', 'uni0030', 'uni0031', 'uni0032', 'uni0033', 'uni0034', 'uni0035', 'uni0036', 'uni0037', 'uni0038', 'uni0039', 'uni003A', 'uni0041', 'uni0042', 'uni0043', 'uni0044', 'uni0045', 'uni0046', 'uni0047', 'uni0048', 'uni004C', 'uni004F', 'uni0050', 'uni0052', 'uni0053', 'uni0054', 'uni0057', 'uni0058', 'uni0059', 'uni005A', 'uni0061', 'uni0062', 'uni0063', 'uni0064', 'uni0065', 'uni0066', 'uni0067', 'uni0068', 'uni0069', 'uni006B', 'uni006C', 'uni006D', 'uni006E', 'uni006F', 'uni0070', 'uni0072', 'uni0073', 'uni0074', 'uni0075', 'uni0076', 'uni0077', 'uni0079', 'uni007B', 'uni007D', 'uni00C4']</msg>
<msg timestamp="20230222 11:41:30.967" level="INFO">Glyph IDs:   [0, 1, 2, 3, 65, 73, 84, 95, 137, 141, 161, 280, 320, 374, 382, 395, 409, 456, 463, 469, 493, 504, 575, 582, 594, 612, 645, 650, 660, 679, 715, 723, 752, 759, 775, 827, 837, 867, 884, 899, 932, 936, 950, 1294, 1295, 1296, 1298, 1299, 1300, 1302, 1303, 1304, 1305, 1329, 1345, 1346, 1361, 1404, 1407, 1681]</msg>
<msg timestamp="20230222 11:41:30.968" level="INFO">Closed glyph list over 'glyf': 60 glyphs after</msg>
<msg timestamp="20230222 11:41:30.969" level="INFO">Glyph names: ['.notdef', '.null', 'uni0020', 'uni0021', 'uni002D', 'uni002E', 'uni0030', 'uni0031', 'uni0032', 'uni0033', 'uni0034', 'uni0035', 'uni0036', 'uni0037', 'uni0038', 'uni0039', 'uni003A', 'uni0041', 'uni0042', 'uni0043', 'uni0044', 'uni0045', 'uni0046', 'uni0047', 'uni0048', 'uni004C', 'uni004F', 'uni0050', 'uni0052', 'uni0053', 'uni0054', 'uni0057', 'uni0058', 'uni0059', 'uni005A', 'uni0061', 'uni0062', 'uni0063', 'uni0064', 'uni0065', 'uni0066', 'uni0067', 'uni0068', 'uni0069', 'uni006B', 'uni006C', 'uni006D', 'uni006E', 'uni006F', 'uni0070', 'uni0072', 'uni0073', 'uni0074', 'uni0075', 'uni0076', 'uni0077', 'uni0079', 'uni007B', 'uni007D', 'uni00C4']</msg>
<msg timestamp="20230222 11:41:30.972" level="INFO">Glyph IDs:   [0, 1, 2, 3, 65, 73, 84, 95, 137, 141, 161, 280, 320, 374, 382, 395, 409, 456, 463, 469, 493, 504, 575, 582, 594, 612, 645, 650, 660, 679, 715, 723, 752, 759, 775, 827, 837, 867, 884, 899, 932, 936, 950, 1294, 1295, 1296, 1298, 1299, 1300, 1302, 1303, 1304, 1305, 1329, 1345, 1346, 1361, 1404, 1407, 1681]</msg>
<msg timestamp="20230222 11:41:30.973" level="INFO">Retaining 60 glyphs</msg>
<msg timestamp="20230222 11:41:30.974" level="INFO">head subsetting not needed</msg>
<msg timestamp="20230222 11:41:30.975" level="INFO">hhea subsetting not needed</msg>
<msg timestamp="20230222 11:41:30.975" level="INFO">maxp subsetting not needed</msg>
<msg timestamp="20230222 11:41:30.976" level="INFO">OS/2 subsetting not needed</msg>
<msg timestamp="20230222 11:41:30.979" level="INFO">hmtx subsetted</msg>
<msg timestamp="20230222 11:41:30.981" level="INFO">cmap subsetted</msg>
<msg timestamp="20230222 11:41:30.981" level="INFO">prep subsetting not needed</msg>
<msg timestamp="20230222 11:41:30.982" level="INFO">loca subsetting not needed</msg>
<msg timestamp="20230222 11:41:30.982" level="INFO">post subsetted</msg>
<msg timestamp="20230222 11:41:30.982" level="INFO">gasp subsetting not needed</msg>
<msg timestamp="20230222 11:41:30.983" level="INFO">STAT subsetting not needed</msg>
<msg timestamp="20230222 11:41:30.983" level="INFO">name subsetting not needed</msg>
<msg timestamp="20230222 11:41:30.984" level="INFO">glyf subsetted</msg>
<msg timestamp="20230222 11:41:30.986" level="INFO">head pruned</msg>
<msg timestamp="20230222 11:41:30.987" level="INFO">OS/2 Unicode ranges pruned: [0]</msg>
<msg timestamp="20230222 11:41:30.994" level="INFO">glyf pruned</msg>
<msg timestamp="20230222 11:41:31.132" level="INFO">maxp pruned</msg>
<msg timestamp="20230222 11:41:31.134" level="INFO">cmap pruned</msg>
<msg timestamp="20230222 11:41:31.135" level="INFO">post pruned</msg>
<msg timestamp="20230222 11:41:31.136" level="INFO">GDEF dropped</msg>
<msg timestamp="20230222 11:41:31.137" level="INFO">GPOS dropped</msg>
<msg timestamp="20230222 11:41:31.138" level="INFO">GSUB dropped</msg>
<msg timestamp="20230222 11:41:31.140" level="INFO">name pruned</msg>
<msg timestamp="20230222 11:41:31.162" level="INFO">glyf pruned</msg>
<msg timestamp="20230222 11:41:31.164" level="INFO">Added gid0 to subset</msg>
<msg timestamp="20230222 11:41:31.165" level="INFO">Added first four glyphs to subset</msg>
<msg timestamp="20230222 11:41:31.166" level="INFO">Closing glyph list over 'glyf': 19 glyphs before</msg>
<msg timestamp="20230222 11:41:31.168" level="INFO">Glyph names: ['.notdef', '.null', 'uni0020', 'uni0030', 'uni0031', 'uni0032', 'uni0033', 'uni0034', 'uni0035', 'uni0036', 'uni0037', 'uni0038', 'uni0039', 'uni0041', 'uni0062', 'uni006E', 'uni007B', 'uni007D', 'uni00C4']</msg>
<msg timestamp="20230222 11:41:31.171" level="INFO">Glyph IDs:   [0, 1, 2, 3, 575, 759, 1294, 1295, 1296, 1298, 1299, 1300, 1302, 1303, 1304, 1305, 1345, 1346, 1681]</msg>
<msg timestamp="20230222 11:41:31.172" level="INFO">Closed glyph list over 'glyf': 19 glyphs after</msg>
<msg timestamp="20230222 11:41:31.174" level="INFO">Glyph names: ['.notdef', '.null', 'uni0020', 'uni0030', 'uni0031', 'uni0032', 'uni0033', 'uni0034', 'uni0035', 'uni0036', 'uni0037', 'uni0038', 'uni0039', 'uni0041', 'uni0062', 'uni006E', 'uni007B', 'uni007D', 'uni00C4']</msg>
<msg timestamp="20230222 11:41:31.176" level="INFO">Glyph IDs:   [0, 1, 2, 3, 575, 759, 1294, 1295, 1296, 1298, 1299, 1300, 1302, 1303, 1304, 1305, 1345, 1346, 1681]</msg>
<msg timestamp="20230222 11:41:31.177" level="INFO">Retaining 19 glyphs</msg>
<msg timestamp="20230222 11:41:31.179" level="INFO">head subsetting not needed</msg>
<msg timestamp="20230222 11:41:31.181" level="INFO">hhea subsetting not needed</msg>
<msg timestamp="20230222 11:41:31.182" level="INFO">maxp subsetting not needed</msg>
<msg timestamp="20230222 11:41:31.184" level="INFO">OS/2 subsetting not needed</msg>
<msg timestamp="20230222 11:41:31.189" level="INFO">hmtx subsetted</msg>
<msg timestamp="20230222 11:41:31.194" level="INFO">cmap subsetted</msg>
<msg timestamp="20230222 11:41:31.196" level="INFO">prep subsetting not needed</msg>
<msg timestamp="20230222 11:41:31.197" level="INFO">loca subsetting not needed</msg>
<msg timestamp="20230222 11:41:31.198" level="INFO">post subsetted</msg>
<msg timestamp="20230222 11:41:31.198" level="INFO">gasp subsetting not needed</msg>
<msg timestamp="20230222 11:41:31.199" level="INFO">STAT subsetting not needed</msg>
<msg timestamp="20230222 11:41:31.200" level="INFO">name subsetting not needed</msg>
<msg timestamp="20230222 11:41:31.202" level="INFO">glyf subsetted</msg>
<msg timestamp="20230222 11:41:31.204" level="INFO">head pruned</msg>
<msg timestamp="20230222 11:41:31.208" level="INFO">OS/2 Unicode ranges pruned: [0]</msg>
<msg timestamp="20230222 11:41:31.212" level="INFO">glyf pruned</msg>
<msg timestamp="20230222 11:41:31.313" level="INFO">maxp pruned</msg>
<msg timestamp="20230222 11:41:31.314" level="INFO">cmap pruned</msg>
<msg timestamp="20230222 11:41:31.315" level="INFO">post pruned</msg>
<msg timestamp="20230222 11:41:31.315" level="INFO">GDEF dropped</msg>
<msg timestamp="20230222 11:41:31.316" level="INFO">GPOS dropped</msg>
<msg timestamp="20230222 11:41:31.318" level="INFO">GSUB dropped</msg>
<msg timestamp="20230222 11:41:31.322" level="INFO">name pruned</msg>
<msg timestamp="20230222 11:41:31.340" level="INFO">glyf pruned</msg>
<msg timestamp="20230222 11:41:31.348" level="INFO">Added gid0 to subset</msg>
<msg timestamp="20230222 11:41:31.348" level="INFO">Added first four glyphs to subset</msg>
<msg timestamp="20230222 11:41:31.349" level="INFO">Closing glyph list over 'glyf': 18 glyphs before</msg>
<msg timestamp="20230222 11:41:31.349" level="INFO">Glyph names: ['.notdef', '.null', 'uni0020', 'uni0030', 'uni0031', 'uni0032', 'uni0033', 'uni0034', 'uni0035', 'uni0036', 'uni0037', 'uni0038', 'uni0039', 'uni0062', 'uni006E', 'uni007B', 'uni007D', 'uni00A0']</msg>
<msg timestamp="20230222 11:41:31.351" level="INFO">Glyph IDs:   [0, 1, 2, 3, 544, 727, 1256, 1257, 1258, 1260, 1261, 1262, 1264, 1265, 1266, 1267, 1307, 1308]</msg>
<msg timestamp="20230222 11:41:31.352" level="INFO">Closed glyph list over 'glyf': 18 glyphs after</msg>
<msg timestamp="20230222 11:41:31.352" level="INFO">Glyph names: ['.notdef', '.null', 'uni0020', 'uni0030', 'uni0031', 'uni0032', 'uni0033', 'uni0034', 'uni0035', 'uni0036', 'uni0037', 'uni0038', 'uni0039', 'uni0062', 'uni006E', 'uni007B', 'uni007D', 'uni00A0']</msg>
<msg timestamp="20230222 11:41:31.354" level="INFO">Glyph IDs:   [0, 1, 2, 3, 544, 727, 1256, 1257, 1258, 1260, 1261, 1262, 1264, 1265, 1266, 1267, 1307, 1308]</msg>
<msg timestamp="20230222 11:41:31.354" level="INFO">Retaining 18 glyphs</msg>
<msg timestamp="20230222 11:41:31.356" level="INFO">head subsetting not needed</msg>
<msg timestamp="20230222 11:41:31.356" level="INFO">hhea subsetting not needed</msg>
<msg timestamp="20230222 11:41:31.357" level="INFO">maxp subsetting not needed</msg>
<msg timestamp="20230222 11:41:31.357" level="INFO">OS/2 subsetting not needed</msg>
<msg timestamp="20230222 11:41:31.361" level="INFO">hmtx subsetted</msg>
<msg timestamp="20230222 11:41:31.363" level="INFO">cmap subsetted</msg>
<msg timestamp="20230222 11:41:31.363" level="INFO">loca subsetting not needed</msg>
<msg timestamp="20230222 11:41:31.364" level="INFO">post subsetted</msg>
<msg timestamp="20230222 11:41:31.365" level="INFO">name subsetting not needed</msg>
<msg timestamp="20230222 11:41:31.367" level="INFO">glyf subsetted</msg>
<msg timestamp="20230222 11:41:31.368" level="INFO">head pruned</msg>
<msg timestamp="20230222 11:41:31.369" level="INFO">OS/2 Unicode ranges pruned: [0]</msg>
<msg timestamp="20230222 11:41:31.372" level="INFO">glyf pruned</msg>
<msg timestamp="20230222 11:41:31.461" level="INFO">maxp pruned</msg>
<msg timestamp="20230222 11:41:31.463" level="INFO">cmap pruned</msg>
<msg timestamp="20230222 11:41:31.464" level="INFO">post pruned</msg>
<msg timestamp="20230222 11:41:31.465" level="INFO">GDEF dropped</msg>
<msg timestamp="20230222 11:41:31.466" level="INFO">GPOS dropped</msg>
<msg timestamp="20230222 11:41:31.468" level="INFO">GSUB dropped</msg>
<msg timestamp="20230222 11:41:31.470" level="INFO">name pruned</msg>
<msg timestamp="20230222 11:41:31.490" level="INFO">glyf pruned</msg>
<msg timestamp="20230222 11:41:31.499" level="INFO">Added gid0 to subset</msg>
<msg timestamp="20230222 11:41:31.499" level="INFO">Added first four glyphs to subset</msg>
<msg timestamp="20230222 11:41:31.500" level="INFO">Closing glyph list over 'glyf': 18 glyphs before</msg>
<msg timestamp="20230222 11:41:31.500" level="INFO">Glyph names: ['.notdef', '.null', 'uni0020', 'uni0030', 'uni0031', 'uni0032', 'uni0033', 'uni0034', 'uni0035', 'uni0036', 'uni0037', 'uni0038', 'uni0039', 'uni0062', 'uni006E', 'uni007B', 'uni007D', 'uni00A0']</msg>
<msg timestamp="20230222 11:41:31.502" level="INFO">Glyph IDs:   [0, 1, 2, 3, 544, 727, 1256, 1257, 1258, 1260, 1261, 1262, 1264, 1265, 1266, 1267, 1307, 1308]</msg>
<msg timestamp="20230222 11:41:31.502" level="INFO">Closed glyph list over 'glyf': 18 glyphs after</msg>
<msg timestamp="20230222 11:41:31.503" level="INFO">Glyph names: ['.notdef', '.null', 'uni0020', 'uni0030', 'uni0031', 'uni0032', 'uni0033', 'uni0034', 'uni0035', 'uni0036', 'uni0037', 'uni0038', 'uni0039', 'uni0062', 'uni006E', 'uni007B', 'uni007D', 'uni00A0']</msg>
<msg timestamp="20230222 11:41:31.504" level="INFO">Glyph IDs:   [0, 1, 2, 3, 544, 727, 1256, 1257, 1258, 1260, 1261, 1262, 1264, 1265, 1266, 1267, 1307, 1308]</msg>
<msg timestamp="20230222 11:41:31.504" level="INFO">Retaining 18 glyphs</msg>
<msg timestamp="20230222 11:41:31.506" level="INFO">head subsetting not needed</msg>
<msg timestamp="20230222 11:41:31.507" level="INFO">hhea subsetting not needed</msg>
<msg timestamp="20230222 11:41:31.508" level="INFO">maxp subsetting not needed</msg>
<msg timestamp="20230222 11:41:31.509" level="INFO">OS/2 subsetting not needed</msg>
<msg timestamp="20230222 11:41:31.513" level="INFO">hmtx subsetted</msg>
<msg timestamp="20230222 11:41:31.516" level="INFO">cmap subsetted</msg>
<msg timestamp="20230222 11:41:31.517" level="INFO">loca subsetting not needed</msg>
<msg timestamp="20230222 11:41:31.517" level="INFO">post subsetted</msg>
<msg timestamp="20230222 11:41:31.518" level="INFO">name subsetting not needed</msg>
<msg timestamp="20230222 11:41:31.519" level="INFO">glyf subsetted</msg>
<msg timestamp="20230222 11:41:31.522" level="INFO">head pruned</msg>
<msg timestamp="20230222 11:41:31.524" level="INFO">OS/2 Unicode ranges pruned: [0]</msg>
<msg timestamp="20230222 11:41:31.526" level="INFO">glyf pruned</msg>
<status status="PASS" starttime="20230222 11:41:30.421" endtime="20230222 11:41:31.575"/>
</kw>
<kw name="Open Pdf" library="RPA.PDF">
<arg>${pdf_files}${/}${orderid}.pdf</arg>
<doc>Open a PDF document for reading.</doc>
<status status="PASS" starttime="20230222 11:41:31.577" endtime="20230222 11:41:31.598"/>
</kw>
<kw name="Create List" library="BuiltIn">
<var>${file_List}</var>
<arg>${image_files}${/}${orderid}.png:x=10,y=10</arg>
<doc>Returns a list containing given items.</doc>
<msg timestamp="20230222 11:41:31.606" level="INFO">${file_List} = ['C:\\Users\\arnab\\Desktop\\ROBOCORP\\my-certII-robot\\image_files\\RSB-ROBO-ORDER-GFGF4XAOPC.png:x=10,y=10']</msg>
<status status="PASS" starttime="20230222 11:41:31.600" endtime="20230222 11:41:31.607"/>
</kw>
<kw name="Add Files To Pdf" library="RPA.PDF">
<arg>${file_List}</arg>
<arg>${pdf_files}${/}${orderid}.pdf</arg>
<arg>${True}</arg>
<doc>Add images and/or pdfs to new PDF document</doc>
<msg timestamp="20230222 11:41:31.618" level="INFO">Adding page: 0</msg>
<msg timestamp="20230222 11:41:31.629" level="WARN">Object 7 0 found</msg>
<msg timestamp="20230222 11:41:31.690" level="WARN">Overwriting cache for 0 7</msg>
<msg timestamp="20230222 11:41:31.747" level="WARN">Object 14 0 found</msg>
<msg timestamp="20230222 11:41:31.756" level="WARN">Overwriting cache for 0 14</msg>
<msg timestamp="20230222 11:41:31.765" level="WARN">Object 21 0 found</msg>
<msg timestamp="20230222 11:41:31.771" level="WARN">Overwriting cache for 0 21</msg>
<msg timestamp="20230222 11:41:31.780" level="WARN">Object 28 0 found</msg>
<msg timestamp="20230222 11:41:31.788" level="WARN">Overwriting cache for 0 28</msg>
<msg timestamp="20230222 11:41:31.801" level="INFO">File C:\Users\arnab\Desktop\ROBOCORP\my-certII-robot\image_files\RSB-ROBO-ORDER-GFGF4XAOPC.png type: png</msg>
<msg timestamp="20230222 11:41:31.803" level="INFO">Image parameters: {'x': '10', 'y': '10'}</msg>
<status status="PASS" starttime="20230222 11:41:31.608" endtime="20230222 11:41:33.093"/>
</kw>
<kw name="Close Pdf" library="RPA.PDF">
<arg>${pdf_files}${/}${orderid}.pdf</arg>
<doc>Close PDF file descriptor for a certain file.</doc>
<msg timestamp="20230222 11:41:33.098" level="INFO">Closing PDF document: C:\Users\arnab\Desktop\ROBOCORP\my-certII-robot\pdf_files\RSB-ROBO-ORDER-GFGF4XAOPC.pdf</msg>
<status status="PASS" starttime="20230222 11:41:33.095" endtime="20230222 11:41:33.099"/>
</kw>
<msg timestamp="20230222 11:41:33.104" level="INFO">${pdf} = None</msg>
<status status="PASS" starttime="20230222 11:41:30.363" endtime="20230222 11:41:33.104"/>
</kw>
<kw name="Go to order another robot">
<kw name="Wait Until Element Is Enabled" library="RPA.Browser.Selenium">
<arg>//*[@id="order-another"]</arg>
<doc>Waits until the element ``locator`` is enabled.</doc>
<status status="PASS" starttime="20230222 11:41:33.108" endtime="20230222 11:41:33.150"/>
</kw>
<kw name="Click Button" library="RPA.Browser.Selenium">
<arg>//*[@id="order-another"]</arg>
<doc>Clicks the button identified by ``locator``.</doc>
<msg timestamp="20230222 11:41:33.152" level="INFO">Clicking button '//*[@id="order-another"]'.</msg>
<status status="PASS" starttime="20230222 11:41:33.151" endtime="20230222 11:41:33.802"/>
</kw>
<status status="PASS" starttime="20230222 11:41:33.106" endtime="20230222 11:41:33.804"/>
</kw>
<status status="PASS" starttime="20230222 11:41:24.613" endtime="20230222 11:41:33.804"/>
</iter>
<iter>
<var name="${row}">{'Order number': '3', 'Head': '6', 'Body': '2', 'Legs': '3', 'Address': 'Address 789'}</var>
<kw name="Log" library="BuiltIn">
<arg>${row}</arg>
<doc>Logs the given message with the given level.</doc>
<msg timestamp="20230222 11:41:33.808" level="INFO">{'Order number': '3', 'Head': '6', 'Body': '2', 'Legs': '3', 'Address': 'Address 789'}</msg>
<status status="PASS" starttime="20230222 11:41:33.807" endtime="20230222 11:41:33.809"/>
</kw>
<kw name="Close the annoying modal">
<kw name="Wait And Click Button" library="RPA.Browser.Selenium">
<arg>xpath://html/body/div/div/div[2]/div/div/div/div/div/button[1]</arg>
<doc>Click button identified by ``locator``, once it becomes visible.</doc>
<msg timestamp="20230222 11:41:33.853" level="INFO">Clicking button 'xpath://html/body/div/div/div[2]/div/div/div/div/div/button[1]'.</msg>
<status status="PASS" starttime="20230222 11:41:33.815" endtime="20230222 11:41:33.948"/>
</kw>
<status status="PASS" starttime="20230222 11:41:33.811" endtime="20230222 11:41:33.951"/>
</kw>
<kw name="Fill the form">
<arg>${row}</arg>
<kw name="Wait Until Element Is Visible" library="RPA.Browser.Selenium">
<arg>//*[@id="head"]</arg>
<doc>Waits until the element ``locator`` is visible.</doc>
<status status="PASS" starttime="20230222 11:41:33.956" endtime="20230222 11:41:33.997"/>
</kw>
<kw name="Wait Until Element Is Enabled" library="RPA.Browser.Selenium">
<arg>//*[@id="head"]</arg>
<doc>Waits until the element ``locator`` is enabled.</doc>
<status status="PASS" starttime="20230222 11:41:34.001" endtime="20230222 11:41:34.062"/>
</kw>
<kw name="Select From List By Value" library="RPA.Browser.Selenium">
<arg>//*[@id="head"]</arg>
<arg>${orders_detail}[Head]</arg>
<doc>Selects options from selection list ``locator`` by ``values``.</doc>
<msg timestamp="20230222 11:41:34.066" level="INFO">Selecting options from selection list '//*[@id="head"]' by value 6.</msg>
<status status="PASS" starttime="20230222 11:41:34.063" endtime="20230222 11:41:34.171"/>
</kw>
<kw name="Wait Until Element Is Enabled" library="RPA.Browser.Selenium">
<arg>body</arg>
<doc>Waits until the element ``locator`` is enabled.</doc>
<status status="PASS" starttime="20230222 11:41:34.173" endtime="20230222 11:41:34.223"/>
</kw>
<kw name="Select Radio Button" library="RPA.Browser.Selenium">
<arg>body</arg>
<arg>${orders_detail}[Body]</arg>
<doc>Sets the radio button group ``group_name`` to ``value``.</doc>
<msg timestamp="20230222 11:41:34.225" level="INFO">Selecting '2' from radio button 'body'.</msg>
<status status="PASS" starttime="20230222 11:41:34.224" endtime="20230222 11:41:34.320"/>
</kw>
<kw name="Wait Until Element Is Enabled" library="RPA.Browser.Selenium">
<arg>xpath://html/body/div/div/div[1]/div/div[1]/form/div[3]/input</arg>
<doc>Waits until the element ``locator`` is enabled.</doc>
<status status="PASS" starttime="20230222 11:41:34.321" endtime="20230222 11:41:34.376"/>
</kw>
<kw name="Input Text" library="RPA.Browser.Selenium">
<arg>xpath://html/body/div/div/div[1]/div/div[1]/form/div[3]/input</arg>
<arg>${orders_detail}[Legs]</arg>
<doc>Types the given ``text`` into the text field identified by ``locator``.</doc>
<msg timestamp="20230222 11:41:34.382" level="INFO">Typing text '3' into text field 'xpath://html/body/div/div/div[1]/div/div[1]/form/div[3]/input'.</msg>
<status status="PASS" starttime="20230222 11:41:34.378" endtime="20230222 11:41:34.511"/>
</kw>
<kw name="Wait Until Element Is Enabled" library="RPA.Browser.Selenium">
<arg>//*[@id="address"]</arg>
<doc>Waits until the element ``locator`` is enabled.</doc>
<status status="PASS" starttime="20230222 11:41:34.513" endtime="20230222 11:41:34.555"/>
</kw>
<kw name="Input Text" library="RPA.Browser.Selenium">
<arg>//*[@id="address"]</arg>
<arg>${orders_detail}[Address]</arg>
<doc>Types the given ``text`` into the text field identified by ``locator``.</doc>
<msg timestamp="20230222 11:41:34.558" level="INFO">Typing text 'Address 789' into text field '//*[@id="address"]'.</msg>
<status status="PASS" starttime="20230222 11:41:34.556" endtime="20230222 11:41:34.684"/>
</kw>
<status status="PASS" starttime="20230222 11:41:33.952" endtime="20230222 11:41:34.685"/>
</kw>
<kw name="Wait Until Keyword Succeeds" library="BuiltIn">
<arg>10x</arg>
<arg>2s</arg>
<arg>Preview the robot</arg>
<doc>Runs the specified keyword and retries if it fails.</doc>
<kw name="Preview the robot">
<kw name="Click Button" library="RPA.Browser.Selenium">
<arg>//*[@id="preview"]</arg>
<doc>Clicks the button identified by ``locator``.</doc>
<msg timestamp="20230222 11:41:34.693" level="INFO">Clicking button '//*[@id="preview"]'.</msg>
<status status="PASS" starttime="20230222 11:41:34.691" endtime="20230222 11:41:34.789"/>
</kw>
<kw name="Wait Until Element Is Visible" library="RPA.Browser.Selenium">
<arg>//*[@id="robot-preview-image"]</arg>
<doc>Waits until the element ``locator`` is visible.</doc>
<status status="PASS" starttime="20230222 11:41:34.790" endtime="20230222 11:41:34.824"/>
</kw>
<status status="PASS" starttime="20230222 11:41:34.688" endtime="20230222 11:41:34.825"/>
</kw>
<status status="PASS" starttime="20230222 11:41:34.687" endtime="20230222 11:41:34.826"/>
</kw>
<kw name="Wait Until Keyword Succeeds" library="BuiltIn">
<arg>10x</arg>
<arg>2s</arg>
<arg>Submit The Order</arg>
<doc>Runs the specified keyword and retries if it fails.</doc>
<kw name="Submit the order">
<kw name="Mute Run On Failure" library="RPA.RobotLogListener">
<arg>Page Should Contain Element</arg>
<doc>Set keywords which should not execute `SeleniumLibrary`
default behaviour of running keyword on failure.</doc>
<kw name="Get Library Instance" library="BuiltIn">
<arg>RPA.Browser</arg>
<doc>Returns the currently active instance of the specified library.</doc>
<msg timestamp="20230222 11:41:34.837" level="FAIL">No library 'RPA.Browser' found.</msg>
<status status="FAIL" starttime="20230222 11:41:34.831" endtime="20230222 11:41:34.838"/>
</kw>
<kw name="Get Library Instance" library="BuiltIn">
<arg>RPA.Browser.Selenium</arg>
<doc>Returns the currently active instance of the specified library.</doc>
<status status="PASS" starttime="20230222 11:41:34.839" endtime="20230222 11:41:34.841"/>
</kw>
<status status="PASS" starttime="20230222 11:41:34.830" endtime="20230222 11:41:34.841"/>
</kw>
<kw name="Click Button" library="RPA.Browser.Selenium">
<arg>//*[@id="order"]</arg>
<doc>Clicks the button identified by ``locator``.</doc>
<msg timestamp="20230222 11:41:34.844" level="INFO">Clicking button '//*[@id="order"]'.</msg>
<status status="PASS" starttime="20230222 11:41:34.842" endtime="20230222 11:41:34.927"/>
</kw>
<kw name="Page Should Contain Element" library="RPA.Browser.Selenium">
<arg>//*[@id="receipt"]</arg>
<doc>Verifies that element ``locator`` is found on the current page.</doc>
<msg timestamp="20230222 11:41:34.929" level="INFO">No keyword will be run on failure.</msg>
<msg timestamp="20230222 11:41:34.929" level="INFO">No keyword will be run on failure.</msg>
<msg timestamp="20230222 11:41:34.929" level="INFO">No keyword will be run on failure.</msg>
<msg timestamp="20230222 11:41:34.930" level="INFO">No keyword will be run on failure.</msg>
<msg timestamp="20230222 11:41:34.930" level="INFO">No keyword will be run on failure.</msg>
<msg timestamp="20230222 11:41:34.950" level="FAIL">Page should have contained element '//*[@id="receipt"]' but did not.</msg>
<status status="FAIL" starttime="20230222 11:41:34.928" endtime="20230222 11:41:34.951"/>
</kw>
<status status="FAIL" starttime="20230222 11:41:34.828" endtime="20230222 11:41:34.958"/>
</kw>
<kw name="Submit the order">
<kw name="Mute Run On Failure" library="RPA.RobotLogListener">
<arg>Page Should Contain Element</arg>
<doc>Set keywords which should not execute `SeleniumLibrary`
default behaviour of running keyword on failure.</doc>
<kw name="Get Library Instance" library="BuiltIn">
<arg>RPA.Browser</arg>
<doc>Returns the currently active instance of the specified library.</doc>
<msg timestamp="20230222 11:41:36.983" level="FAIL">No library 'RPA.Browser' found.</msg>
<status status="FAIL" starttime="20230222 11:41:36.978" endtime="20230222 11:41:36.985"/>
</kw>
<kw name="Get Library Instance" library="BuiltIn">
<arg>RPA.Browser.Selenium</arg>
<doc>Returns the currently active instance of the specified library.</doc>
<status status="PASS" starttime="20230222 11:41:36.989" endtime="20230222 11:41:36.992"/>
</kw>
<status status="PASS" starttime="20230222 11:41:36.974" endtime="20230222 11:41:36.994"/>
</kw>
<kw name="Click Button" library="RPA.Browser.Selenium">
<arg>//*[@id="order"]</arg>
<doc>Clicks the button identified by ``locator``.</doc>
<msg timestamp="20230222 11:41:36.999" level="INFO">Clicking button '//*[@id="order"]'.</msg>
<status status="PASS" starttime="20230222 11:41:36.996" endtime="20230222 11:41:37.078"/>
</kw>
<kw name="Page Should Contain Element" library="RPA.Browser.Selenium">
<arg>//*[@id="receipt"]</arg>
<doc>Verifies that element ``locator`` is found on the current page.</doc>
<msg timestamp="20230222 11:41:37.083" level="INFO">No keyword will be run on failure.</msg>
<msg timestamp="20230222 11:41:37.083" level="INFO">No keyword will be run on failure.</msg>
<msg timestamp="20230222 11:41:37.084" level="INFO">No keyword will be run on failure.</msg>
<msg timestamp="20230222 11:41:37.084" level="INFO">No keyword will be run on failure.</msg>
<msg timestamp="20230222 11:41:37.085" level="INFO">No keyword will be run on failure.</msg>
<msg timestamp="20230222 11:41:37.085" level="INFO">No keyword will be run on failure.</msg>
<msg timestamp="20230222 11:41:37.100" level="INFO">Current page contains element '//*[@id="receipt"]'.</msg>
<status status="PASS" starttime="20230222 11:41:37.081" endtime="20230222 11:41:37.101"/>
</kw>
<status status="PASS" starttime="20230222 11:41:36.969" endtime="20230222 11:41:37.102"/>
</kw>
<status status="PASS" starttime="20230222 11:41:34.827" endtime="20230222 11:41:37.103"/>
</kw>
<kw name="Take a screenshot of the robot">
<var>${orderid}</var>
<var>${screenshot}</var>
<kw name="Wait Until Element Is Visible" library="RPA.Browser.Selenium">
<arg>//*[@id="robot-preview-image"]</arg>
<doc>Waits until the element ``locator`` is visible.</doc>
<status status="PASS" starttime="20230222 11:41:37.105" endtime="20230222 11:41:37.139"/>
</kw>
<kw name="Wait Until Element Is Visible" library="RPA.Browser.Selenium">
<arg>//*[@id="receipt"]</arg>
<doc>Waits until the element ``locator`` is visible.</doc>
<status status="PASS" starttime="20230222 11:41:37.140" endtime="20230222 11:41:37.178"/>
</kw>
<kw name="Get Text" library="RPA.Browser.Selenium">
<var>${orderid}</var>
<arg>//*[@id="receipt"]/p[1]</arg>
<doc>Returns the text value of the element identified by ``locator``.</doc>
<msg timestamp="20230222 11:41:37.225" level="INFO">${orderid} = RSB-ROBO-ORDER-Q0W6HBFJF</msg>
<status status="PASS" starttime="20230222 11:41:37.180" endtime="20230222 11:41:37.226"/>
</kw>
<kw name="Sleep" library="BuiltIn">
<arg>2sec</arg>
<doc>Pauses the test executed for the given time.</doc>
<msg timestamp="20230222 11:41:39.239" level="INFO">Slept 2 seconds</msg>
<status status="PASS" starttime="20230222 11:41:37.227" endtime="20230222 11:41:39.241"/>
</kw>
<kw name="Capture Element Screenshot" library="RPA.Browser.Selenium">
<arg>//*[@id="robot-preview-image"]</arg>
<arg>${image_files}${/}${orderid}.png</arg>
<doc>Captures a screenshot from the element identified by ``locator`` and embeds it into log file.</doc>
<msg timestamp="20230222 11:41:39.439" level="INFO" html="true">&lt;/td&gt;&lt;/tr&gt;&lt;tr&gt;&lt;td colspan="3"&gt;&lt;a href="image_files/RSB-ROBO-ORDER-Q0W6HBFJF.png"&gt;&lt;img src="image_files/RSB-ROBO-ORDER-Q0W6HBFJF.png" width="400px"&gt;&lt;/a&gt;</msg>
<status status="PASS" starttime="20230222 11:41:39.243" endtime="20230222 11:41:39.440"/>
</kw>
<kw name="Log" library="BuiltIn">
<arg>OrderID:${orderid}</arg>
<doc>Logs the given message with the given level.</doc>
<msg timestamp="20230222 11:41:39.446" level="INFO">OrderID:RSB-ROBO-ORDER-Q0W6HBFJF</msg>
<status status="PASS" starttime="20230222 11:41:39.443" endtime="20230222 11:41:39.448"/>
</kw>
<kw name="Log" library="BuiltIn">
<arg>Path:${image_files}${/}${orderid}.png</arg>
<doc>Logs the given message with the given level.</doc>
[...]
<msg timestamp="20230222 11:43:48.871" level="INFO">glyf pruned</msg>
<msg timestamp="20230222 11:43:48.919" level="INFO">maxp pruned</msg>
<msg timestamp="20230222 11:43:48.919" level="INFO">cmap pruned</msg>
<msg timestamp="20230222 11:43:48.921" level="INFO">post pruned</msg>
<msg timestamp="20230222 11:43:48.922" level="INFO">GDEF dropped</msg>
<msg timestamp="20230222 11:43:48.923" level="INFO">GPOS dropped</msg>
<msg timestamp="20230222 11:43:48.924" level="INFO">GSUB dropped</msg>
<msg timestamp="20230222 11:43:48.926" level="INFO">name pruned</msg>
<msg timestamp="20230222 11:43:48.940" level="INFO">glyf pruned</msg>
<msg timestamp="20230222 11:43:48.946" level="INFO">Added gid0 to subset</msg>
<msg timestamp="20230222 11:43:48.947" level="INFO">Added first four glyphs to subset</msg>
<msg timestamp="20230222 11:43:48.947" level="INFO">Closing glyph list over 'glyf': 18 glyphs before</msg>
<msg timestamp="20230222 11:43:48.948" level="INFO">Glyph names: ['.notdef', '.null', 'uni0020', 'uni0030', 'uni0031', 'uni0032', 'uni0033', 'uni0034', 'uni0035', 'uni0036', 'uni0037', 'uni0038', 'uni0039', 'uni0062', 'uni006E', 'uni007B', 'uni007D', 'uni00A0']</msg>
<msg timestamp="20230222 11:43:48.949" level="INFO">Glyph IDs:   [0, 1, 2, 3, 544, 727, 1256, 1257, 1258, 1260, 1261, 1262, 1264, 1265, 1266, 1267, 1307, 1308]</msg>
<msg timestamp="20230222 11:43:48.950" level="INFO">Closed glyph list over 'glyf': 18 glyphs after</msg>
<msg timestamp="20230222 11:43:48.950" level="INFO">Glyph names: ['.notdef', '.null', 'uni0020', 'uni0030', 'uni0031', 'uni0032', 'uni0033', 'uni0034', 'uni0035', 'uni0036', 'uni0037', 'uni0038', 'uni0039', 'uni0062', 'uni006E', 'uni007B', 'uni007D', 'uni00A0']</msg>
<msg timestamp="20230222 11:43:48.951" level="INFO">Glyph IDs:   [0, 1, 2, 3, 544, 727, 1256, 1257, 1258, 1260, 1261, 1262, 1264, 1265, 1266, 1267, 1307, 1308]</msg>
<msg timestamp="20230222 11:43:48.953" level="INFO">Retaining 18 glyphs</msg>
<msg timestamp="20230222 11:43:48.956" level="INFO">head subsetting not needed</msg>
<msg timestamp="20230222 11:43:48.958" level="INFO">hhea subsetting not needed</msg>
<msg timestamp="20230222 11:43:48.959" level="INFO">maxp subsetting not needed</msg>
<msg timestamp="20230222 11:43:48.960" level="INFO">OS/2 subsetting not needed</msg>
<msg timestamp="20230222 11:43:48.965" level="INFO">hmtx subsetted</msg>
<msg timestamp="20230222 11:43:48.969" level="INFO">cmap subsetted</msg>
<msg timestamp="20230222 11:43:48.970" level="INFO">loca subsetting not needed</msg>
<msg timestamp="20230222 11:43:48.972" level="INFO">post subsetted</msg>
<msg timestamp="20230222 11:43:48.973" level="INFO">name subsetting not needed</msg>
<msg timestamp="20230222 11:43:48.976" level="INFO">glyf subsetted</msg>
<msg timestamp="20230222 11:43:48.978" level="INFO">head pruned</msg>
<msg timestamp="20230222 11:43:48.981" level="INFO">OS/2 Unicode ranges pruned: [0]</msg>
<msg timestamp="20230222 11:43:48.984" level="INFO">glyf pruned</msg>
<status status="PASS" starttime="20230222 11:43:47.457" endtime="20230222 11:43:49.039"/>
</kw>
<kw name="Open Pdf" library="RPA.PDF">
<arg>${pdf_files}${/}${orderid}.pdf</arg>
<doc>Open a PDF document for reading.</doc>
<status status="PASS" starttime="20230222 11:43:49.042" endtime="20230222 11:43:49.069"/>
</kw>
<kw name="Create List" library="BuiltIn">
<var>${file_List}</var>
<arg>${image_files}${/}${orderid}.png:x=10,y=10</arg>
<doc>Returns a list containing given items.</doc>
<msg timestamp="20230222 11:43:49.076" level="INFO">${file_List} = ['C:\\Users\\arnab\\Desktop\\ROBOCORP\\my-certII-robot\\image_files\\RSB-ROBO-ORDER-9L1UTRSIUK.png:x=10,y=10']</msg>
<status status="PASS" starttime="20230222 11:43:49.072" endtime="20230222 11:43:49.077"/>
</kw>
<kw name="Add Files To Pdf" library="RPA.PDF">
<arg>${file_List}</arg>
<arg>${pdf_files}${/}${orderid}.pdf</arg>
<arg>${True}</arg>
<doc>Add images and/or pdfs to new PDF document</doc>
<msg timestamp="20230222 11:43:49.097" level="INFO">Adding page: 0</msg>
<msg timestamp="20230222 11:43:49.113" level="WARN">Object 7 0 found</msg>
<msg timestamp="20230222 11:43:49.117" level="WARN">Overwriting cache for 0 7</msg>
<msg timestamp="20230222 11:43:49.129" level="WARN">Object 14 0 found</msg>
<msg timestamp="20230222 11:43:49.133" level="WARN">Overwriting cache for 0 14</msg>
<msg timestamp="20230222 11:43:49.140" level="WARN">Object 21 0 found</msg>
<msg timestamp="20230222 11:43:49.144" level="WARN">Overwriting cache for 0 21</msg>
<msg timestamp="20230222 11:43:49.154" level="WARN">Object 28 0 found</msg>
<msg timestamp="20230222 11:43:49.157" level="WARN">Overwriting cache for 0 28</msg>
<msg timestamp="20230222 11:43:49.178" level="INFO">File C:\Users\arnab\Desktop\ROBOCORP\my-certII-robot\image_files\RSB-ROBO-ORDER-9L1UTRSIUK.png type: png</msg>
<msg timestamp="20230222 11:43:49.179" level="INFO">Image parameters: {'x': '10', 'y': '10'}</msg>
<status status="PASS" starttime="20230222 11:43:49.079" endtime="20230222 11:43:50.490"/>
</kw>
<kw name="Close Pdf" library="RPA.PDF">
<arg>${pdf_files}${/}${orderid}.pdf</arg>
<doc>Close PDF file descriptor for a certain file.</doc>
<msg timestamp="20230222 11:43:50.494" level="INFO">Closing PDF document: C:\Users\arnab\Desktop\ROBOCORP\my-certII-robot\pdf_files\RSB-ROBO-ORDER-9L1UTRSIUK.pdf</msg>
<status status="PASS" starttime="20230222 11:43:50.491" endtime="20230222 11:43:50.494"/>
</kw>
<msg timestamp="20230222 11:43:50.496" level="INFO">${pdf} = None</msg>
<status status="PASS" starttime="20230222 11:43:47.409" endtime="20230222 11:43:50.497"/>
</kw>
<kw name="Go to order another robot">
<kw name="Wait Until Element Is Enabled" library="RPA.Browser.Selenium">
<arg>//*[@id="order-another"]</arg>
<doc>Waits until the element ``locator`` is enabled.</doc>
<status status="PASS" starttime="20230222 11:43:50.502" endtime="20230222 11:43:50.546"/>
</kw>
<kw name="Click Button" library="RPA.Browser.Selenium">
<arg>//*[@id="order-another"]</arg>
<doc>Clicks the button identified by ``locator``.</doc>
<msg timestamp="20230222 11:43:50.548" level="INFO">Clicking button '//*[@id="order-another"]'.</msg>
<status status="PASS" starttime="20230222 11:43:50.547" endtime="20230222 11:43:50.921"/>
</kw>
<status status="PASS" starttime="20230222 11:43:50.498" endtime="20230222 11:43:50.924"/>
</kw>
<status status="PASS" starttime="20230222 11:43:41.521" endtime="20230222 11:43:50.926"/>
</iter>
<status status="PASS" starttime="20230222 11:41:15.496" endtime="20230222 11:43:50.928"/>
</for>
<status status="PASS" starttime="20230222 11:41:05.458" endtime="20230222 11:43:50.933"/>
</test>
<doc>Order your robot</doc>
<status status="PASS" starttime="20230222 11:40:59.869" endtime="20230222 11:43:50.941"/>
</suite>
<statistics>
<total>
<stat pass="1" fail="0" skip="0">All Tasks</stat>
</total>
<tag>
</tag>
<suite>
<stat pass="1" fail="0" skip="0" id="s1" name="Tasks">Tasks</stat>
</suite>
</statistics>
<errors>
<msg timestamp="20230222 11:41:04.213" level="WARN">This is a deprecated import that will be removed in favor of RPA.Robocorp.Vault</msg>
<msg timestamp="20230222 11:41:22.551" level="WARN">Object 7 0 found</msg>
<msg timestamp="20230222 11:41:22.555" level="WARN">Overwriting cache for 0 7</msg>
<msg timestamp="20230222 11:41:22.563" level="WARN">Object 14 0 found</msg>
<msg timestamp="20230222 11:41:22.567" level="WARN">Overwriting cache for 0 14</msg>
<msg timestamp="20230222 11:41:22.583" level="WARN">Object 21 0 found</msg>
<msg timestamp="20230222 11:41:22.589" level="WARN">Overwriting cache for 0 21</msg>
<msg timestamp="20230222 11:41:22.604" level="WARN">Object 28 0 found</msg>
<msg timestamp="20230222 11:41:22.610" level="WARN">Overwriting cache for 0 28</msg>
<msg timestamp="20230222 11:41:31.629" level="WARN">Object 7 0 found</msg>
<msg timestamp="20230222 11:41:31.690" level="WARN">Overwriting cache for 0 7</msg>
<msg timestamp="20230222 11:41:31.747" level="WARN">Object 14 0 found</msg>
<msg timestamp="20230222 11:41:31.756" level="WARN">Overwriting cache for 0 14</msg>
<msg timestamp="20230222 11:41:31.765" level="WARN">Object 21 0 found</msg>
<msg timestamp="20230222 11:41:31.771" level="WARN">Overwriting cache for 0 21</msg>
<msg timestamp="20230222 11:41:31.780" level="WARN">Object 28 0 found</msg>
<msg timestamp="20230222 11:41:31.788" level="WARN">Overwriting cache for 0 28</msg>
<msg timestamp="20230222 11:41:40.697" level="WARN">Object 7 0 found</msg>
<msg timestamp="20230222 11:41:40.702" level="WARN">Overwriting cache for 0 7</msg>
<msg timestamp="20230222 11:41:40.714" level="WARN">Object 14 0 found</msg>
<msg timestamp="20230222 11:41:40.718" level="WARN">Overwriting cache for 0 14</msg>
<msg timestamp="20230222 11:41:40.729" level="WARN">Object 21 0 found</msg>
<msg timestamp="20230222 11:41:40.733" level="WARN">Overwriting cache for 0 21</msg>
<msg timestamp="20230222 11:41:40.742" level="WARN">Object 28 0 found</msg>
<msg timestamp="20230222 11:41:40.774" level="WARN">Overwriting cache for 0 28</msg>
<msg timestamp="20230222 11:41:54.268" level="WARN">Object 7 0 found</msg>
<msg timestamp="20230222 11:41:54.272" level="WARN">Overwriting cache for 0 7</msg>
<msg timestamp="20230222 11:41:54.280" level="WARN">Object 14 0 found</msg>
<msg timestamp="20230222 11:41:54.283" level="WARN">Overwriting cache for 0 14</msg>
<msg timestamp="20230222 11:41:54.289" level="WARN">Object 21 0 found</msg>
<msg timestamp="20230222 11:41:54.292" level="WARN">Overwriting cache for 0 21</msg>
<msg timestamp="20230222 11:41:54.304" level="WARN">Object 28 0 found</msg>
<msg timestamp="20230222 11:41:54.309" level="WARN">Overwriting cache for 0 28</msg>
<msg timestamp="20230222 11:42:00.620" level="WARN">Object 7 0 found</msg>
<msg timestamp="20230222 11:42:00.624" level="WARN">Overwriting cache for 0 7</msg>
<msg timestamp="20230222 11:42:00.629" level="WARN">Object 14 0 found</msg>
<msg timestamp="20230222 11:42:00.633" level="WARN">Overwriting cache for 0 14</msg>
<msg timestamp="20230222 11:42:00.642" level="WARN">Object 21 0 found</msg>
<msg timestamp="20230222 11:42:00.683" level="WARN">Overwriting cache for 0 21</msg>
<msg timestamp="20230222 11:42:00.709" level="WARN">Object 28 0 found</msg>
<msg timestamp="20230222 11:42:00.728" level="WARN">Overwriting cache for 0 28</msg>
<msg timestamp="20230222 11:42:07.134" level="WARN">Object 7 0 found</msg>
<msg timestamp="20230222 11:42:07.139" level="WARN">Overwriting cache for 0 7</msg>
<msg timestamp="20230222 11:42:07.147" level="WARN">Object 14 0 found</msg>
<msg timestamp="20230222 11:42:07.150" level="WARN">Overwriting cache for 0 14</msg>
<msg timestamp="20230222 11:42:07.189" level="WARN">Object 21 0 found</msg>
<msg timestamp="20230222 11:42:07.243" level="WARN">Overwriting cache for 0 21</msg>
<msg timestamp="20230222 11:42:07.256" level="WARN">Object 28 0 found</msg>
<msg timestamp="20230222 11:42:07.263" level="WARN">Overwriting cache for 0 28</msg>
<msg timestamp="20230222 11:42:13.469" level="WARN">Object 7 0 found</msg>
<msg timestamp="20230222 11:42:13.473" level="WARN">Overwriting cache for 0 7</msg>
<msg timestamp="20230222 11:42:13.482" level="WARN">Object 14 0 found</msg>
<msg timestamp="20230222 11:42:13.485" level="WARN">Overwriting cache for 0 14</msg>
<msg timestamp="20230222 11:42:13.498" level="WARN">Object 21 0 found</msg>
<msg timestamp="20230222 11:42:13.502" level="WARN">Overwriting cache for 0 21</msg>
<msg timestamp="20230222 11:42:13.510" level="WARN">Object 28 0 found</msg>
<msg timestamp="20230222 11:42:13.514" level="WARN">Overwriting cache for 0 28</msg>
<msg timestamp="20230222 11:42:26.396" level="WARN">Object 7 0 found</msg>
<msg timestamp="20230222 11:42:26.398" level="WARN">Overwriting cache for 0 7</msg>
<msg timestamp="20230222 11:42:26.410" level="WARN">Object 14 0 found</msg>
<msg timestamp="20230222 11:42:26.483" level="WARN">Overwriting cache for 0 14</msg>
<msg timestamp="20230222 11:42:26.490" level="WARN">Object 21 0 found</msg>
<msg timestamp="20230222 11:42:26.493" level="WARN">Overwriting cache for 0 21</msg>
<msg timestamp="20230222 11:42:26.502" level="WARN">Object 28 0 found</msg>
<msg timestamp="20230222 11:42:26.504" level="WARN">Overwriting cache for 0 28</msg>
<msg timestamp="20230222 11:42:32.983" level="WARN">Object 7 0 found</msg>
<msg timestamp="20230222 11:42:32.988" level="WARN">Overwriting cache for 0 7</msg>
<msg timestamp="20230222 11:42:33.007" level="WARN">Object 14 0 found</msg>
<msg timestamp="20230222 11:42:33.028" level="WARN">Overwriting cache for 0 14</msg>
<msg timestamp="20230222 11:42:33.078" level="WARN">Object 21 0 found</msg>
<msg timestamp="20230222 11:42:33.081" level="WARN">Overwriting cache for 0 21</msg>
<msg timestamp="20230222 11:42:33.093" level="WARN">Object 28 0 found</msg>
<msg timestamp="20230222 11:42:33.098" level="WARN">Overwriting cache for 0 28</msg>
<msg timestamp="20230222 11:42:39.406" level="WARN">Object 7 0 found</msg>
<msg timestamp="20230222 11:42:39.411" level="WARN">Overwriting cache for 0 7</msg>
<msg timestamp="20230222 11:42:39.422" level="WARN">Object 14 0 found</msg>
<msg timestamp="20230222 11:42:39.426" level="WARN">Overwriting cache for 0 14</msg>
<msg timestamp="20230222 11:42:39.435" level="WARN">Object 21 0 found</msg>
<msg timestamp="20230222 11:42:39.439" level="WARN">Overwriting cache for 0 21</msg>
<msg timestamp="20230222 11:42:39.449" level="WARN">Object 28 0 found</msg>
<msg timestamp="20230222 11:42:39.453" level="WARN">Overwriting cache for 0 28</msg>
<msg timestamp="20230222 11:42:46.032" level="WARN">Object 7 0 found</msg>
<msg timestamp="20230222 11:42:46.036" level="WARN">Overwriting cache for 0 7</msg>
<msg timestamp="20230222 11:42:46.047" level="WARN">Object 14 0 found</msg>
<msg timestamp="20230222 11:42:46.052" level="WARN">Overwriting cache for 0 14</msg>
<msg timestamp="20230222 11:42:46.069" level="WARN">Object 21 0 found</msg>
<msg timestamp="20230222 11:42:46.073" level="WARN">Overwriting cache for 0 21</msg>
<msg timestamp="20230222 11:42:46.080" level="WARN">Object 28 0 found</msg>
<msg timestamp="20230222 11:42:46.085" level="WARN">Overwriting cache for 0 28</msg>
<msg timestamp="20230222 11:42:54.532" level="WARN">Object 7 0 found</msg>
<msg timestamp="20230222 11:42:54.536" level="WARN">Overwriting cache for 0 7</msg>
<msg timestamp="20230222 11:42:54.559" level="WARN">Object 14 0 found</msg>
<msg timestamp="20230222 11:42:54.585" level="WARN">Overwriting cache for 0 14</msg>
<msg timestamp="20230222 11:42:54.640" level="WARN">Object 21 0 found</msg>
<msg timestamp="20230222 11:42:54.643" level="WARN">Overwriting cache for 0 21</msg>
<msg timestamp="20230222 11:42:54.650" level="WARN">Object 28 0 found</msg>
<msg timestamp="20230222 11:42:54.653" level="WARN">Overwriting cache for 0 28</msg>
<msg timestamp="20230222 11:43:01.330" level="WARN">Object 7 0 found</msg>
<msg timestamp="20230222 11:43:01.334" level="WARN">Overwriting cache for 0 7</msg>
<msg timestamp="20230222 11:43:01.340" level="WARN">Object 14 0 found</msg>
<msg timestamp="20230222 11:43:01.345" level="WARN">Overwriting cache for 0 14</msg>
<msg timestamp="20230222 11:43:01.356" level="WARN">Object 21 0 found</msg>
<msg timestamp="20230222 11:43:01.362" level="WARN">Overwriting cache for 0 21</msg>
<msg timestamp="20230222 11:43:01.369" level="WARN">Object 28 0 found</msg>
<msg timestamp="20230222 11:43:01.372" level="WARN">Overwriting cache for 0 28</msg>
<msg timestamp="20230222 11:43:07.207" level="WARN">Object 7 0 found</msg>
<msg timestamp="20230222 11:43:07.212" level="WARN">Overwriting cache for 0 7</msg>
<msg timestamp="20230222 11:43:07.226" level="WARN">Object 14 0 found</msg>
<msg timestamp="20230222 11:43:07.231" level="WARN">Overwriting cache for 0 14</msg>
<msg timestamp="20230222 11:43:07.244" level="WARN">Object 21 0 found</msg>
<msg timestamp="20230222 11:43:07.250" level="WARN">Overwriting cache for 0 21</msg>
<msg timestamp="20230222 11:43:07.277" level="WARN">Object 28 0 found</msg>
<msg timestamp="20230222 11:43:07.355" level="WARN">Overwriting cache for 0 28</msg>
<msg timestamp="20230222 11:43:13.832" level="WARN">Object 7 0 found</msg>
<msg timestamp="20230222 11:43:13.836" level="WARN">Overwriting cache for 0 7</msg>
<msg timestamp="20230222 11:43:13.845" level="WARN">Object 14 0 found</msg>
<msg timestamp="20230222 11:43:13.913" level="WARN">Overwriting cache for 0 14</msg>
<msg timestamp="20230222 11:43:13.930" level="WARN">Object 21 0 found</msg>
<msg timestamp="20230222 11:43:13.936" level="WARN">Overwriting cache for 0 21</msg>
<msg timestamp="20230222 11:43:13.948" level="WARN">Object 28 0 found</msg>
<msg timestamp="20230222 11:43:13.960" level="WARN">Overwriting cache for 0 28</msg>
<msg timestamp="20230222 11:43:20.829" level="WARN">Object 7 0 found</msg>
<msg timestamp="20230222 11:43:20.832" level="WARN">Overwriting cache for 0 7</msg>
<msg timestamp="20230222 11:43:20.839" level="WARN">Object 14 0 found</msg>
<msg timestamp="20230222 11:43:20.842" level="WARN">Overwriting cache for 0 14</msg>
<msg timestamp="20230222 11:43:20.851" level="WARN">Object 21 0 found</msg>
<msg timestamp="20230222 11:43:20.854" level="WARN">Overwriting cache for 0 21</msg>
<msg timestamp="20230222 11:43:20.870" level="WARN">Object 28 0 found</msg>
<msg timestamp="20230222 11:43:20.874" level="WARN">Overwriting cache for 0 28</msg>
<msg timestamp="20230222 11:43:27.432" level="WARN">Object 7 0 found</msg>
<msg timestamp="20230222 11:43:27.436" level="WARN">Overwriting cache for 0 7</msg>
<msg timestamp="20230222 11:43:27.442" level="WARN">Object 14 0 found</msg>
<msg timestamp="20230222 11:43:27.446" level="WARN">Overwriting cache for 0 14</msg>
<msg timestamp="20230222 11:43:27.453" level="WARN">Object 21 0 found</msg>
<msg timestamp="20230222 11:43:27.455" level="WARN">Overwriting cache for 0 21</msg>
<msg timestamp="20230222 11:43:27.463" level="WARN">Object 28 0 found</msg>
<msg timestamp="20230222 11:43:27.466" level="WARN">Overwriting cache for 0 28</msg>
<msg timestamp="20230222 11:43:33.627" level="WARN">Object 7 0 found</msg>
<msg timestamp="20230222 11:43:33.632" level="WARN">Overwriting cache for 0 7</msg>
<msg timestamp="20230222 11:43:33.641" level="WARN">Object 14 0 found</msg>
<msg timestamp="20230222 11:43:33.645" level="WARN">Overwriting cache for 0 14</msg>
<msg timestamp="20230222 11:43:33.652" level="WARN">Object 21 0 found</msg>
<msg timestamp="20230222 11:43:33.655" level="WARN">Overwriting cache for 0 21</msg>
<msg timestamp="20230222 11:43:33.666" level="WARN">Object 28 0 found</msg>
<msg timestamp="20230222 11:43:33.671" level="WARN">Overwriting cache for 0 28</msg>
<msg timestamp="20230222 11:43:39.835" level="WARN">Object 7 0 found</msg>
<msg timestamp="20230222 11:43:39.839" level="WARN">Overwriting cache for 0 7</msg>
<msg timestamp="20230222 11:43:39.853" level="WARN">Object 14 0 found</msg>
<msg timestamp="20230222 11:43:39.857" level="WARN">Overwriting cache for 0 14</msg>
<msg timestamp="20230222 11:43:39.869" level="WARN">Object 21 0 found</msg>
<msg timestamp="20230222 11:43:39.873" level="WARN">Overwriting cache for 0 21</msg>
<msg timestamp="20230222 11:43:39.879" level="WARN">Object 28 0 found</msg>
<msg timestamp="20230222 11:43:39.883" level="WARN">Overwriting cache for 0 28</msg>
<msg timestamp="20230222 11:43:49.113" level="WARN">Object 7 0 found</msg>
<msg timestamp="20230222 11:43:49.117" level="WARN">Overwriting cache for 0 7</msg>
<msg timestamp="20230222 11:43:49.129" level="WARN">Object 14 0 found</msg>
<msg timestamp="20230222 11:43:49.133" level="WARN">Overwriting cache for 0 14</msg>
<msg timestamp="20230222 11:43:49.140" level="WARN">Object 21 0 found</msg>
<msg timestamp="20230222 11:43:49.144" level="WARN">Overwriting cache for 0 21</msg>
<msg timestamp="20230222 11:43:49.154" level="WARN">Object 28 0 found</msg>
<msg timestamp="20230222 11:43:49.157" level="WARN">Overwriting cache for 0 28</msg>
</errors>
</robot>
